Using pre-set license
Built from '2020.2/staging' branch; Version is '2020.2.5f1 (e2c53f129de5) revision 14861631'; Using compiler version '192528614'; Build Type 'Release'
OS: 'Windows 10 Pro; OS build 19042.1052; Version 2009; 64bit' Language: 'nl' Physical Memory: 16173 MB
BatchMode: 1, IsHumanControllingUs: 0, StartBugReporterOnCrash: 0, Is64bit: 1, IsPro: 0

 COMMAND LINE ARGUMENTS:
C:\Users\SKIKK\personal shit\unity projects\2020.2.5f1\Editor\Unity.exe
-adb2
-batchMode
-noUpm
-name
AssetImportWorker0
-projectPath
C:/Users/SKIKK/mediacollege amsterdam/bewijzenmap/periode 1.4/space/Beroeps_Opdraght_Space/Expanding_Space
-logFile
Logs/AssetImportWorker0.log
-srvPort
59534
Successfully changed project path to: C:/Users/SKIKK/mediacollege amsterdam/bewijzenmap/periode 1.4/space/Beroeps_Opdraght_Space/Expanding_Space
C:/Users/SKIKK/mediacollege amsterdam/bewijzenmap/periode 1.4/space/Beroeps_Opdraght_Space/Expanding_Space
Using Asset Import Pipeline V2.
Refreshing native plugins compatible for Editor in 31.66 ms, found 1 plugins.
Preloading 0 native plugins for Editor in 0.00 ms.
Initialize engine version: 2020.2.5f1 (e2c53f129de5)
[Subsystems] Discovering subsystems at path C:/Users/SKIKK/personal shit/unity projects/2020.2.5f1/Editor/Data/Resources/UnitySubsystems
[Subsystems] Discovering subsystems at path C:/Users/SKIKK/mediacollege amsterdam/bewijzenmap/periode 1.4/space/Beroeps_Opdraght_Space/Expanding_Space/Assets
GfxDevice: creating device client; threaded=0
Direct3D:
    Version:  Direct3D 11.0 [level 11.1]
    Renderer: NVIDIA GeForce GTX 1660 Ti (ID=0x2191)
    Vendor:   
    VRAM:     5991 MB
    Driver:   27.21.14.6230
Initialize mono
Mono path[0] = 'C:/Users/SKIKK/personal shit/unity projects/2020.2.5f1/Editor/Data/Managed'
Mono path[1] = 'C:/Users/SKIKK/personal shit/unity projects/2020.2.5f1/Editor/Data/MonoBleedingEdge/lib/mono/unityjit'
Mono config path = 'C:/Users/SKIKK/personal shit/unity projects/2020.2.5f1/Editor/Data/MonoBleedingEdge/etc'
Using monoOptions --debugger-agent=transport=dt_socket,embedding=1,server=y,suspend=n,address=127.0.0.1:56860
Begin MonoManager ReloadAssembly
Registering precompiled unity dll's ...
Register platform support module: C:/Users/SKIKK/personal shit/unity projects/2020.2.5f1/Editor/Data/PlaybackEngines/WindowsStandaloneSupport/UnityEditor.WindowsStandalone.Extensions.dll
Registered in 0.001452 seconds.
Native extension for WindowsStandalone target not found
Refreshing native plugins compatible for Editor in 29.23 ms, found 1 plugins.
Preloading 0 native plugins for Editor in 0.00 ms.
Invoked RoslynAnalysisRunner static constructor.
RoslynAnalysisRunner will not be running.
RoslynAnalysisRunner has terminated.
Mono: successfully reloaded assembly
- Completed reload, in  0.815 seconds
Platform modules already initialized, skipping
Registering precompiled user dll's ...
Registered in 0.000893 seconds.
Begin MonoManager ReloadAssembly
Native extension for WindowsStandalone target not found
Refreshing native plugins compatible for Editor in 32.46 ms, found 1 plugins.
Preloading 0 native plugins for Editor in 0.00 ms.
Invoked RoslynAnalysisRunner static constructor.
RoslynAnalysisRunner will not be running.
RoslynAnalysisRunner has terminated.
Mono: successfully reloaded assembly
- Completed reload, in  0.736 seconds
Platform modules already initialized, skipping
========================================================================
Worker process is ready to serve import requests
Launched and connected shader compiler UnityShaderCompiler.exe after 0.03 seconds
Refreshing native plugins compatible for Editor in 0.41 ms, found 1 plugins.
Preloading 0 native plugins for Editor in 0.00 ms.
Unloading 1841 Unused Serialized files (Serialized files now loaded: 0)
System memory in use before: 87.7 MB.
System memory in use after: 87.8 MB.

Unloading 19 unused Assets to reduce memory usage. Loaded Objects now: 2290.
Total: 1.971800 ms (FindLiveObjects: 0.224000 ms CreateObjectMapping: 0.128000 ms MarkObjects: 1.548900 ms  DeleteObjects: 0.055600 ms)

========================================================================
Received Import Request.
  path: Assets/Scenes/Demo scene.unity
  artifactKey: Guid(bc17cbb3d2c8a5a4894509320ff1bbfd) Importer(815301076,1909f56bfc062723c751e8b465ee728b)
Start importing Assets/Scenes/Demo scene.unity using Guid(bc17cbb3d2c8a5a4894509320ff1bbfd) Importer(815301076,1909f56bfc062723c751e8b465ee728b)  -> (artifact id: '24879d969114d7044305e4534950f925') in 0.013883 seconds
  Import took 0.017240 seconds .

