Using pre-set license
Built from '2020.3/staging' branch; Version is '2020.3.6f1 (338bb68529b2) revision 3378102'; Using compiler version '192528614'; Build Type 'Release'
OS: 'Windows 10 Home; OS build 19042.1052; Version 2009; 64bit' Language: 'en' Physical Memory: 16204 MB
BatchMode: 1, IsHumanControllingUs: 0, StartBugReporterOnCrash: 0, Is64bit: 1, IsPro: 0

 COMMAND LINE ARGUMENTS:
C:\Users\Gebruiker\OneDrive\Desktop\Shool work\Year_1\Periode_3\Unity\2020.3.6f1\Editor\Unity.exe
-adb2
-batchMode
-noUpm
-name
AssetImportWorker0
-projectPath
C:/Users/Gebruiker/OneDrive/Desktop/Shool work/Year_1/Periode_4/BeroepsOpdracht/Expanding_Space
-logFile
Logs/AssetImportWorker0.log
-srvPort
60906
Successfully changed project path to: C:/Users/Gebruiker/OneDrive/Desktop/Shool work/Year_1/Periode_4/BeroepsOpdracht/Expanding_Space
C:/Users/Gebruiker/OneDrive/Desktop/Shool work/Year_1/Periode_4/BeroepsOpdracht/Expanding_Space
Using Asset Import Pipeline V2.
Refreshing native plugins compatible for Editor in 44.19 ms, found 1 plugins.
Preloading 0 native plugins for Editor in 0.00 ms.
Initialize engine version: 2020.3.6f1 (338bb68529b2)
[Subsystems] Discovering subsystems at path C:/Users/Gebruiker/OneDrive/Desktop/Shool work/Year_1/Periode_3/Unity/2020.3.6f1/Editor/Data/Resources/UnitySubsystems
[Subsystems] Discovering subsystems at path C:/Users/Gebruiker/OneDrive/Desktop/Shool work/Year_1/Periode_4/BeroepsOpdracht/Expanding_Space/Assets
GfxDevice: creating device client; threaded=0
Direct3D:
    Version:  Direct3D 11.0 [level 11.1]
    Renderer: NVIDIA GeForce RTX 2060 (ID=0x1f15)
    Vendor:   
    VRAM:     5980 MB
    Driver:   27.21.14.6079
Initialize mono
Mono path[0] = 'C:/Users/Gebruiker/OneDrive/Desktop/Shool work/Year_1/Periode_3/Unity/2020.3.6f1/Editor/Data/Managed'
Mono path[1] = 'C:/Users/Gebruiker/OneDrive/Desktop/Shool work/Year_1/Periode_3/Unity/2020.3.6f1/Editor/Data/MonoBleedingEdge/lib/mono/unityjit'
Mono config path = 'C:/Users/Gebruiker/OneDrive/Desktop/Shool work/Year_1/Periode_3/Unity/2020.3.6f1/Editor/Data/MonoBleedingEdge/etc'
Using monoOptions --debugger-agent=transport=dt_socket,embedding=1,server=y,suspend=n,address=127.0.0.1:56588
Begin MonoManager ReloadAssembly
Registering precompiled unity dll's ...
Register platform support module: C:/Users/Gebruiker/OneDrive/Desktop/Shool work/Year_1/Periode_3/Unity/2020.3.6f1/Editor/Data/PlaybackEngines/WindowsStandaloneSupport/UnityEditor.WindowsStandalone.Extensions.dll
Registered in 0.002334 seconds.
Native extension for WindowsStandalone target not found
Refreshing native plugins compatible for Editor in 37.77 ms, found 1 plugins.
Preloading 0 native plugins for Editor in 0.00 ms.
Mono: successfully reloaded assembly
- Completed reload, in  1.235 seconds
Platform modules already initialized, skipping
Registering precompiled user dll's ...
Registered in 0.001347 seconds.
Begin MonoManager ReloadAssembly
Native extension for WindowsStandalone target not found
Refreshing native plugins compatible for Editor in 44.28 ms, found 1 plugins.
Preloading 0 native plugins for Editor in 0.00 ms.
Mono: successfully reloaded assembly
- Completed reload, in  1.043 seconds
Platform modules already initialized, skipping
========================================================================
Worker process is ready to serve import requests
Launched and connected shader compiler UnityShaderCompiler.exe after 0.05 seconds
Refreshing native plugins compatible for Editor in 0.62 ms, found 1 plugins.
Preloading 0 native plugins for Editor in 0.00 ms.
Unloading 1848 Unused Serialized files (Serialized files now loaded: 0)
System memory in use before: 160.2 MB.
System memory in use after: 160.3 MB.

Unloading 19 unused Assets to reduce memory usage. Loaded Objects now: 2300.
Total: 2.097400 ms (FindLiveObjects: 0.231200 ms CreateObjectMapping: 0.132900 ms MarkObjects: 1.664100 ms  DeleteObjects: 0.068000 ms)

========================================================================
Received Import Request.
  path: Assets/Scripts/Enemy_Scripts/TurningSprites.cs
  artifactKey: Guid(f41a0805fc649754cbb74fb5410a1c16) Importer(815301076,1909f56bfc062723c751e8b465ee728b)
Start importing Assets/Scripts/Enemy_Scripts/TurningSprites.cs using Guid(f41a0805fc649754cbb74fb5410a1c16) Importer(815301076,1909f56bfc062723c751e8b465ee728b)  -> (artifact id: 'b411709bec1f1a57863f5c70c6c386e0') in 0.190124 seconds
  Import took 0.196354 seconds .

========================================================================
Received Import Request.
  Time since last request: 124.900524 seconds.
  path: Assets/Scripts/Enemy_Scripts/TurningSprites.cs
  artifactKey: Guid(f41a0805fc649754cbb74fb5410a1c16) Importer(815301076,1909f56bfc062723c751e8b465ee728b)
Start importing Assets/Scripts/Enemy_Scripts/TurningSprites.cs using Guid(f41a0805fc649754cbb74fb5410a1c16) Importer(815301076,1909f56bfc062723c751e8b465ee728b)  -> (artifact id: '6bbba7cf5cc4eb6526769f93cd28316d') in 0.007201 seconds
  Import took 0.012015 seconds .

========================================================================
Received Prepare
Registering precompiled user dll's ...
Registered in 0.001149 seconds.
Begin MonoManager ReloadAssembly
Native extension for WindowsStandalone target not found
Refreshing native plugins compatible for Editor in 0.43 ms, found 1 plugins.
Preloading 0 native plugins for Editor in 0.00 ms.
Mono: successfully reloaded assembly
- Completed reload, in  0.885 seconds
Platform modules already initialized, skipping
Refreshing native plugins compatible for Editor in 0.33 ms, found 1 plugins.
Preloading 0 native plugins for Editor in 0.00 ms.
Unloading 1825 Unused Serialized files (Serialized files now loaded: 0)
System memory in use before: 158.4 MB.
System memory in use after: 158.5 MB.

Unloading 7 unused Assets to reduce memory usage. Loaded Objects now: 2304.
Total: 2.490200 ms (FindLiveObjects: 0.415100 ms CreateObjectMapping: 0.141000 ms MarkObjects: 1.909500 ms  DeleteObjects: 0.023200 ms)

========================================================================
Received Import Request.
  Time since last request: 522.226945 seconds.
  path: Assets/Scripts/Enemy_Scripts/Enemy_Movement.cs
  artifactKey: Guid(c64772f60c1d0214ca952b715176e081) Importer(815301076,1909f56bfc062723c751e8b465ee728b)
Start importing Assets/Scripts/Enemy_Scripts/Enemy_Movement.cs using Guid(c64772f60c1d0214ca952b715176e081) Importer(815301076,1909f56bfc062723c751e8b465ee728b)  -> (artifact id: '8d17efa0b7fcf4cc365842423f262e81') in 0.008903 seconds
  Import took 0.013312 seconds .

========================================================================
Received Prepare
Registering precompiled user dll's ...
Registered in 0.001268 seconds.
Begin MonoManager ReloadAssembly
Native extension for WindowsStandalone target not found
Refreshing native plugins compatible for Editor in 0.33 ms, found 1 plugins.
Preloading 0 native plugins for Editor in 0.00 ms.
Mono: successfully reloaded assembly
- Completed reload, in  0.780 seconds
Platform modules already initialized, skipping
Refreshing native plugins compatible for Editor in 0.49 ms, found 1 plugins.
Preloading 0 native plugins for Editor in 0.00 ms.
Unloading 1825 Unused Serialized files (Serialized files now loaded: 0)
System memory in use before: 158.4 MB.
System memory in use after: 158.5 MB.

Unloading 7 unused Assets to reduce memory usage. Loaded Objects now: 2308.
Total: 1.764800 ms (FindLiveObjects: 0.241500 ms CreateObjectMapping: 0.082600 ms MarkObjects: 1.424800 ms  DeleteObjects: 0.015200 ms)

========================================================================
Received Import Request.
  Time since last request: 804.704467 seconds.
  path: Assets/Sprites/Enemies/Basic/side_view_normal_tank 1.png
  artifactKey: Guid(6bdd4005a2489604eb8631769f611f24) Importer(815301076,1909f56bfc062723c751e8b465ee728b)
Start importing Assets/Sprites/Enemies/Basic/side_view_normal_tank 1.png using Guid(6bdd4005a2489604eb8631769f611f24) Importer(815301076,1909f56bfc062723c751e8b465ee728b)  -> (artifact id: 'ddb8a6e7a3b531c09e3f81b554ec62c1') in 0.105181 seconds
  Import took 0.109403 seconds .

========================================================================
Received Import Request.
  Time since last request: 0.004416 seconds.
  path: Assets/Sprites/Enemies/Basic/side_view_normal_tank 1.png
  artifactKey: Guid(6bdd4005a2489604eb8631769f611f24) Importer(815301076,1909f56bfc062723c751e8b465ee728b)
Start importing Assets/Sprites/Enemies/Basic/side_view_normal_tank 1.png using Guid(6bdd4005a2489604eb8631769f611f24) Importer(815301076,1909f56bfc062723c751e8b465ee728b)  -> (artifact id: 'ddb8a6e7a3b531c09e3f81b554ec62c1') in 0.028166 seconds
  Import took 0.032544 seconds .

========================================================================
Received Import Request.
  Time since last request: 29.976399 seconds.
  path: Assets/Prefabs/Enemys/Basic/Enemy_Basic.prefab
  artifactKey: Guid(72fafac75382fd848ba7c3c396268555) Importer(815301076,1909f56bfc062723c751e8b465ee728b)
Start importing Assets/Prefabs/Enemys/Basic/Enemy_Basic.prefab using Guid(72fafac75382fd848ba7c3c396268555) Importer(815301076,1909f56bfc062723c751e8b465ee728b)  -> (artifact id: 'fa32165b0fb69b920c5ec1fa0bdd566d') in 0.062442 seconds
  Import took 0.067473 seconds .

========================================================================
Received Import Request.
  Time since last request: 0.000336 seconds.
  path: Assets/Prefabs/Enemys/Basic/Enemy_Basic_AR.prefab
  artifactKey: Guid(e65934ddc6b06034fae59f3900b6ce11) Importer(815301076,1909f56bfc062723c751e8b465ee728b)
Start importing Assets/Prefabs/Enemys/Basic/Enemy_Basic_AR.prefab using Guid(e65934ddc6b06034fae59f3900b6ce11) Importer(815301076,1909f56bfc062723c751e8b465ee728b)  -> (artifact id: '85b853761176f73eeb286c2e3f0d03c2') in 0.026740 seconds
  Import took 0.031075 seconds .

========================================================================
Received Import Request.
  Time since last request: 14.290015 seconds.
  path: Assets/Prefabs/Enemys/Basic/Enemy_Basic.prefab
  artifactKey: Guid(72fafac75382fd848ba7c3c396268555) Importer(815301076,1909f56bfc062723c751e8b465ee728b)
Start importing Assets/Prefabs/Enemys/Basic/Enemy_Basic.prefab using Guid(72fafac75382fd848ba7c3c396268555) Importer(815301076,1909f56bfc062723c751e8b465ee728b)  -> (artifact id: 'f7d8a87026211bd171226f03f99fa416') in 0.018845 seconds
  Import took 0.023942 seconds .

========================================================================
Received Import Request.
  Time since last request: 0.000345 seconds.
  path: Assets/Prefabs/Enemys/Basic/Enemy_Basic_AR.prefab
  artifactKey: Guid(e65934ddc6b06034fae59f3900b6ce11) Importer(815301076,1909f56bfc062723c751e8b465ee728b)
Start importing Assets/Prefabs/Enemys/Basic/Enemy_Basic_AR.prefab using Guid(e65934ddc6b06034fae59f3900b6ce11) Importer(815301076,1909f56bfc062723c751e8b465ee728b)  -> (artifact id: 'b86efc25b05f04b4809278745d45a324') in 0.019329 seconds
  Import took 0.023945 seconds .

========================================================================
Received Prepare
Registering precompiled user dll's ...
Registered in 0.001043 seconds.
Begin MonoManager ReloadAssembly
Native extension for WindowsStandalone target not found
Refreshing native plugins compatible for Editor in 0.36 ms, found 1 plugins.
Preloading 0 native plugins for Editor in 0.00 ms.
Mono: successfully reloaded assembly
- Completed reload, in  0.818 seconds
Platform modules already initialized, skipping
Refreshing native plugins compatible for Editor in 0.33 ms, found 1 plugins.
Preloading 0 native plugins for Editor in 0.00 ms.
Unloading 1825 Unused Serialized files (Serialized files now loaded: 0)
System memory in use before: 161.5 MB.
System memory in use after: 161.7 MB.

Unloading 7 unused Assets to reduce memory usage. Loaded Objects now: 2322.
Total: 1.869200 ms (FindLiveObjects: 0.255600 ms CreateObjectMapping: 0.092400 ms MarkObjects: 1.509100 ms  DeleteObjects: 0.011300 ms)

========================================================================
Received Import Request.
  Time since last request: 127.628262 seconds.
  path: Assets/Prefabs/Enemys/Basic/Enemy_Basic.prefab
  artifactKey: Guid(72fafac75382fd848ba7c3c396268555) Importer(815301076,1909f56bfc062723c751e8b465ee728b)
Start importing Assets/Prefabs/Enemys/Basic/Enemy_Basic.prefab using Guid(72fafac75382fd848ba7c3c396268555) Importer(815301076,1909f56bfc062723c751e8b465ee728b)  -> (artifact id: '55aff4cf1df107f6e636ccde546690f5') in 0.064982 seconds
  Import took 0.070494 seconds .

========================================================================
Received Import Request.
  Time since last request: 0.000327 seconds.
  path: Assets/Prefabs/Enemys/Basic/Enemy_Basic_AR.prefab
  artifactKey: Guid(e65934ddc6b06034fae59f3900b6ce11) Importer(815301076,1909f56bfc062723c751e8b465ee728b)
Start importing Assets/Prefabs/Enemys/Basic/Enemy_Basic_AR.prefab using Guid(e65934ddc6b06034fae59f3900b6ce11) Importer(815301076,1909f56bfc062723c751e8b465ee728b)  -> (artifact id: '46c8be3aef3223e8276cb51de1aef80f') in 0.020524 seconds
  Import took 0.025071 seconds .

========================================================================
Received Import Request.
  Time since last request: 2.551914 seconds.
  path: Assets/Prefabs/Enemys/Basic/Enemy_Basic.prefab
  artifactKey: Guid(72fafac75382fd848ba7c3c396268555) Importer(815301076,1909f56bfc062723c751e8b465ee728b)
Start importing Assets/Prefabs/Enemys/Basic/Enemy_Basic.prefab using Guid(72fafac75382fd848ba7c3c396268555) Importer(815301076,1909f56bfc062723c751e8b465ee728b)  -> (artifact id: '9173142734c6b1785fc4ab1d79ce8a32') in 0.016575 seconds
  Import took 0.020130 seconds .

========================================================================
Received Import Request.
  Time since last request: 0.000385 seconds.
  path: Assets/Prefabs/Enemys/Basic/Enemy_Basic_AR.prefab
  artifactKey: Guid(e65934ddc6b06034fae59f3900b6ce11) Importer(815301076,1909f56bfc062723c751e8b465ee728b)
Start importing Assets/Prefabs/Enemys/Basic/Enemy_Basic_AR.prefab using Guid(e65934ddc6b06034fae59f3900b6ce11) Importer(815301076,1909f56bfc062723c751e8b465ee728b)  -> (artifact id: '00d9ac67fbee6db5d7f0745a0eb238d5') in 0.019861 seconds
  Import took 0.023763 seconds .

========================================================================
Received Import Request.
  Time since last request: 20.124890 seconds.
  path: Assets/Prefabs/Enemys/Basic/Enemy_Basic.prefab
  artifactKey: Guid(72fafac75382fd848ba7c3c396268555) Importer(815301076,1909f56bfc062723c751e8b465ee728b)
Start importing Assets/Prefabs/Enemys/Basic/Enemy_Basic.prefab using Guid(72fafac75382fd848ba7c3c396268555) Importer(815301076,1909f56bfc062723c751e8b465ee728b)  -> (artifact id: 'a92db7b1af85d93cc2d682c8269370e3') in 0.020285 seconds
  Import took 0.023344 seconds .

========================================================================
Received Import Request.
  Time since last request: 0.000374 seconds.
  path: Assets/Prefabs/Enemys/Basic/Enemy_Basic_AR.prefab
  artifactKey: Guid(e65934ddc6b06034fae59f3900b6ce11) Importer(815301076,1909f56bfc062723c751e8b465ee728b)
Start importing Assets/Prefabs/Enemys/Basic/Enemy_Basic_AR.prefab using Guid(e65934ddc6b06034fae59f3900b6ce11) Importer(815301076,1909f56bfc062723c751e8b465ee728b)  -> (artifact id: '33853854d5f235be5d6701df37a045bd') in 0.024629 seconds
  Import took 0.028307 seconds .

========================================================================
Received Import Request.
  Time since last request: 6.672479 seconds.
  path: Assets/Prefabs/Enemys/Basic/Enemy_Basic.prefab
  artifactKey: Guid(72fafac75382fd848ba7c3c396268555) Importer(815301076,1909f56bfc062723c751e8b465ee728b)
Start importing Assets/Prefabs/Enemys/Basic/Enemy_Basic.prefab using Guid(72fafac75382fd848ba7c3c396268555) Importer(815301076,1909f56bfc062723c751e8b465ee728b)  -> (artifact id: '888f0f3fef7cbf3b0ec2d807069635f4') in 0.009051 seconds
  Import took 0.012666 seconds .

========================================================================
Received Import Request.
  Time since last request: 0.000292 seconds.
  path: Assets/Prefabs/Enemys/Basic/Enemy_Basic_AR.prefab
  artifactKey: Guid(e65934ddc6b06034fae59f3900b6ce11) Importer(815301076,1909f56bfc062723c751e8b465ee728b)
Start importing Assets/Prefabs/Enemys/Basic/Enemy_Basic_AR.prefab using Guid(e65934ddc6b06034fae59f3900b6ce11) Importer(815301076,1909f56bfc062723c751e8b465ee728b)  -> (artifact id: 'b790bfc67a874a9a532df24f22e43c9f') in 0.011110 seconds
  Import took 0.014557 seconds .

========================================================================
Received Import Request.
  Time since last request: 124.385516 seconds.
  path: Assets/Sprites/Enemies/Basic/side_view_normal_tank _Left.png
  artifactKey: Guid(94f3ac6d4e1c8644fa9a41731e8493b9) Importer(815301076,1909f56bfc062723c751e8b465ee728b)
Start importing Assets/Sprites/Enemies/Basic/side_view_normal_tank _Left.png using Guid(94f3ac6d4e1c8644fa9a41731e8493b9) Importer(815301076,1909f56bfc062723c751e8b465ee728b)  -> (artifact id: 'cd52bddcd27d51c6962ddf3c6a15ba95') in 0.037556 seconds
  Import took 0.041173 seconds .

========================================================================
Received Import Request.
  Time since last request: 36.366463 seconds.
  path: Assets/Sprites/Enemies/Basic/side_view_normal_tank_Right.png
  artifactKey: Guid(ed5d1c14398cad04982dd343855d670a) Importer(815301076,1909f56bfc062723c751e8b465ee728b)
Start importing Assets/Sprites/Enemies/Basic/side_view_normal_tank_Right.png using Guid(ed5d1c14398cad04982dd343855d670a) Importer(815301076,1909f56bfc062723c751e8b465ee728b)  -> (artifact id: '9202f60a658b4f4ffc83b324ed282592') in 0.032347 seconds
  Import took 0.036063 seconds .

========================================================================
Received Import Request.
  Time since last request: 59.314881 seconds.
  path: Assets/Sprites/Enemies/Tank/side_view_slow_ship_Left.png
  artifactKey: Guid(988dd8038dec1f44fbfdd3a099496238) Importer(815301076,1909f56bfc062723c751e8b465ee728b)
Start importing Assets/Sprites/Enemies/Tank/side_view_slow_ship_Left.png using Guid(988dd8038dec1f44fbfdd3a099496238) Importer(815301076,1909f56bfc062723c751e8b465ee728b)  -> (artifact id: '75dfb13f76378338eb7c95d218d50950') in 0.017727 seconds
  Import took 0.022307 seconds .

========================================================================
Received Import Request.
  Time since last request: 43.798788 seconds.
  path: Assets/Sprites/Enemies/Speeder/side_view_speed_ship.png
  artifactKey: Guid(8292f3a728162d8468a4d38fd877a595) Importer(815301076,1909f56bfc062723c751e8b465ee728b)
Start importing Assets/Sprites/Enemies/Speeder/side_view_speed_ship.png using Guid(8292f3a728162d8468a4d38fd877a595) Importer(815301076,1909f56bfc062723c751e8b465ee728b)  -> (artifact id: '6846181d9952e1ae60792a180db7a448') in 0.030305 seconds
  Import took 0.034596 seconds .

========================================================================
Received Import Request.
  Time since last request: 1.379293 seconds.
  path: Assets/Sprites/Enemies/Speeder/back_view_speed_ship.png
  artifactKey: Guid(03140b2084e6a8c42aa598d9a76558c8) Importer(815301076,1909f56bfc062723c751e8b465ee728b)
Start importing Assets/Sprites/Enemies/Speeder/back_view_speed_ship.png using Guid(03140b2084e6a8c42aa598d9a76558c8) Importer(815301076,1909f56bfc062723c751e8b465ee728b)  -> (artifact id: '49077b706df372d4b4b9ceca0effbd06') in 0.016162 seconds
  Import took 0.019074 seconds .

========================================================================
Received Import Request.
  Time since last request: 2.349931 seconds.
  path: Assets/Sprites/Enemies/Speeder/front_view_speed_ship.png
  artifactKey: Guid(500ed4ae45fc593488f68b0eb2f3a95b) Importer(815301076,1909f56bfc062723c751e8b465ee728b)
Start importing Assets/Sprites/Enemies/Speeder/front_view_speed_ship.png using Guid(500ed4ae45fc593488f68b0eb2f3a95b) Importer(815301076,1909f56bfc062723c751e8b465ee728b)  -> (artifact id: '1bdf850ca94e986d5558d5b5fcb45504') in 0.016705 seconds
  Import took 0.019589 seconds .

========================================================================
Received Import Request.
  Time since last request: 2.023159 seconds.
  path: Assets/Sprites/Enemies/Speeder/side_view_speed_ship_Left.png
  artifactKey: Guid(568dc23a5ad5d634aa6077a09053044a) Importer(815301076,1909f56bfc062723c751e8b465ee728b)
Start importing Assets/Sprites/Enemies/Speeder/side_view_speed_ship_Left.png using Guid(568dc23a5ad5d634aa6077a09053044a) Importer(815301076,1909f56bfc062723c751e8b465ee728b)  -> (artifact id: 'fa3b92f3351ae3e54c1af0aac997c8a7') in 0.020773 seconds
  Import took 0.024265 seconds .

========================================================================
Received Import Request.
  Time since last request: 15.268056 seconds.
  path: Assets/Prefabs/Enemys/Basic/Enemy_Basic.prefab
  artifactKey: Guid(72fafac75382fd848ba7c3c396268555) Importer(815301076,1909f56bfc062723c751e8b465ee728b)
Start importing Assets/Prefabs/Enemys/Basic/Enemy_Basic.prefab using Guid(72fafac75382fd848ba7c3c396268555) Importer(815301076,1909f56bfc062723c751e8b465ee728b)  -> (artifact id: '12bcb9dc38ce2e731cd733a3a530bebd') in 0.018592 seconds
  Import took 0.022070 seconds .

========================================================================
Received Import Request.
  Time since last request: 0.000446 seconds.
  path: Assets/Prefabs/Enemys/Basic/Enemy_Basic_AR.prefab
  artifactKey: Guid(e65934ddc6b06034fae59f3900b6ce11) Importer(815301076,1909f56bfc062723c751e8b465ee728b)
Start importing Assets/Prefabs/Enemys/Basic/Enemy_Basic_AR.prefab using Guid(e65934ddc6b06034fae59f3900b6ce11) Importer(815301076,1909f56bfc062723c751e8b465ee728b)  -> (artifact id: '058b9595de0deddca44b35219a16ce5e') in 0.027713 seconds
  Import took 0.031465 seconds .

========================================================================
Received Import Request.
  Time since last request: 1.857537 seconds.
  path: Assets/Prefabs/Enemys/Boss/Boss.prefab
  artifactKey: Guid(551c44ecfe541c04b873867ca2e248ca) Importer(815301076,1909f56bfc062723c751e8b465ee728b)
Start importing Assets/Prefabs/Enemys/Boss/Boss.prefab using Guid(551c44ecfe541c04b873867ca2e248ca) Importer(815301076,1909f56bfc062723c751e8b465ee728b)  -> (artifact id: 'e3466dbc17bd21188f843e019ce11c9c') in 0.020037 seconds
  Import took 0.023561 seconds .

========================================================================
Received Import Request.
  Time since last request: 0.898163 seconds.
  path: Assets/Prefabs/Enemys/Fast/Enemy_Speeder.prefab
  artifactKey: Guid(98a50a67727767347946e3fb4ecc9941) Importer(815301076,1909f56bfc062723c751e8b465ee728b)
Start importing Assets/Prefabs/Enemys/Fast/Enemy_Speeder.prefab using Guid(98a50a67727767347946e3fb4ecc9941) Importer(815301076,1909f56bfc062723c751e8b465ee728b)  -> (artifact id: '1b303266b8e333c00da1ba57d78f943b') in 0.017883 seconds
  Import took 0.021214 seconds .

========================================================================
Received Import Request.
  Time since last request: 0.000403 seconds.
  path: Assets/Prefabs/Enemys/Fast/Enemy_Speeder_AR.prefab
  artifactKey: Guid(ed220973fdb2e5843977528faf9bd32f) Importer(815301076,1909f56bfc062723c751e8b465ee728b)
Start importing Assets/Prefabs/Enemys/Fast/Enemy_Speeder_AR.prefab using Guid(ed220973fdb2e5843977528faf9bd32f) Importer(815301076,1909f56bfc062723c751e8b465ee728b)  -> (artifact id: 'c48e7670c4d6eed28ea292978f9fb087') in 0.022889 seconds
  Import took 0.025637 seconds .

========================================================================
Received Import Request.
  Time since last request: 14.928596 seconds.
  path: Assets/Prefabs/Enemys/Fast/Enemy_Speeder.prefab
  artifactKey: Guid(98a50a67727767347946e3fb4ecc9941) Importer(815301076,1909f56bfc062723c751e8b465ee728b)
Start importing Assets/Prefabs/Enemys/Fast/Enemy_Speeder.prefab using Guid(98a50a67727767347946e3fb4ecc9941) Importer(815301076,1909f56bfc062723c751e8b465ee728b)  -> (artifact id: 'a23ef271cde4d63a3eec76196b731665') in 0.020927 seconds
  Import took 0.025158 seconds .

========================================================================
Received Import Request.
  Time since last request: 4.099536 seconds.
  path: Assets/Prefabs/Enemys/Fast/Enemy_Speeder.prefab
  artifactKey: Guid(98a50a67727767347946e3fb4ecc9941) Importer(815301076,1909f56bfc062723c751e8b465ee728b)
Start importing Assets/Prefabs/Enemys/Fast/Enemy_Speeder.prefab using Guid(98a50a67727767347946e3fb4ecc9941) Importer(815301076,1909f56bfc062723c751e8b465ee728b)  -> (artifact id: 'db29752e95f28815db9486a767c3a294') in 0.020636 seconds
  Import took 0.025277 seconds .

========================================================================
Received Import Request.
  Time since last request: 2.938766 seconds.
  path: Assets/Prefabs/Enemys/Fast/Enemy_Speeder.prefab
  artifactKey: Guid(98a50a67727767347946e3fb4ecc9941) Importer(815301076,1909f56bfc062723c751e8b465ee728b)
Start importing Assets/Prefabs/Enemys/Fast/Enemy_Speeder.prefab using Guid(98a50a67727767347946e3fb4ecc9941) Importer(815301076,1909f56bfc062723c751e8b465ee728b)  -> (artifact id: 'ab1b10960828cf6406c89f2666441211') in 0.021311 seconds
  Import took 0.025065 seconds .

========================================================================
Received Import Request.
  Time since last request: 3.438800 seconds.
  path: Assets/Prefabs/Enemys/Fast/Enemy_Speeder.prefab
  artifactKey: Guid(98a50a67727767347946e3fb4ecc9941) Importer(815301076,1909f56bfc062723c751e8b465ee728b)
Start importing Assets/Prefabs/Enemys/Fast/Enemy_Speeder.prefab using Guid(98a50a67727767347946e3fb4ecc9941) Importer(815301076,1909f56bfc062723c751e8b465ee728b)  -> (artifact id: '7d4db9b7b237ff0e82a7eb49529ba430') in 0.021699 seconds
  Import took 0.025821 seconds .

========================================================================
Received Import Request.
  Time since last request: 2.966642 seconds.
  path: Assets/Prefabs/Enemys/Fast/Enemy_Speeder.prefab
  artifactKey: Guid(98a50a67727767347946e3fb4ecc9941) Importer(815301076,1909f56bfc062723c751e8b465ee728b)
Start importing Assets/Prefabs/Enemys/Fast/Enemy_Speeder.prefab using Guid(98a50a67727767347946e3fb4ecc9941) Importer(815301076,1909f56bfc062723c751e8b465ee728b)  -> (artifact id: '3ad535b1502b9b25b521ed31b69f2237') in 0.020170 seconds
  Import took 0.024106 seconds .

========================================================================
Received Import Request.
  Time since last request: 5.720285 seconds.
  path: Assets/Prefabs/Enemys/Tough/Enemy_Tank.prefab
  artifactKey: Guid(0835e8f1c8388ef468d6310bca33d5c0) Importer(815301076,1909f56bfc062723c751e8b465ee728b)
Start importing Assets/Prefabs/Enemys/Tough/Enemy_Tank.prefab using Guid(0835e8f1c8388ef468d6310bca33d5c0) Importer(815301076,1909f56bfc062723c751e8b465ee728b)  -> (artifact id: '3fc2833ab91dfe5be4f78e2650feb0d3') in 0.023941 seconds
  Import took 0.028237 seconds .

========================================================================
Received Import Request.
  Time since last request: 0.000321 seconds.
  path: Assets/Prefabs/Enemys/Tough/Enemy_Tank_AR.prefab
  artifactKey: Guid(5442e80ffa3658949a4271d6ece6f488) Importer(815301076,1909f56bfc062723c751e8b465ee728b)
Start importing Assets/Prefabs/Enemys/Tough/Enemy_Tank_AR.prefab using Guid(5442e80ffa3658949a4271d6ece6f488) Importer(815301076,1909f56bfc062723c751e8b465ee728b)  -> (artifact id: '4ae0ec87fdddaa1ab1ed0d3b90a69b6a') in 0.023644 seconds
  Import took 0.027592 seconds .

========================================================================
Received Import Request.
  Time since last request: 7.190919 seconds.
  path: Assets/Prefabs/Enemys/Tough/Enemy_Tank.prefab
  artifactKey: Guid(0835e8f1c8388ef468d6310bca33d5c0) Importer(815301076,1909f56bfc062723c751e8b465ee728b)
Start importing Assets/Prefabs/Enemys/Tough/Enemy_Tank.prefab using Guid(0835e8f1c8388ef468d6310bca33d5c0) Importer(815301076,1909f56bfc062723c751e8b465ee728b)  -> (artifact id: 'a89d6dace4b45728a36fe7d6470a0b13') in 0.023390 seconds
  Import took 0.027374 seconds .

========================================================================
Received Import Request.
  Time since last request: 4.360201 seconds.
  path: Assets/Prefabs/Enemys/Tough/Enemy_Tank.prefab
  artifactKey: Guid(0835e8f1c8388ef468d6310bca33d5c0) Importer(815301076,1909f56bfc062723c751e8b465ee728b)
Start importing Assets/Prefabs/Enemys/Tough/Enemy_Tank.prefab using Guid(0835e8f1c8388ef468d6310bca33d5c0) Importer(815301076,1909f56bfc062723c751e8b465ee728b)  -> (artifact id: 'b9bc2efe331ee77e03e2b2a51f519777') in 0.021814 seconds
  Import took 0.026381 seconds .

========================================================================
Received Import Request.
  Time since last request: 2.709103 seconds.
  path: Assets/Prefabs/Enemys/Tough/Enemy_Tank.prefab
  artifactKey: Guid(0835e8f1c8388ef468d6310bca33d5c0) Importer(815301076,1909f56bfc062723c751e8b465ee728b)
Start importing Assets/Prefabs/Enemys/Tough/Enemy_Tank.prefab using Guid(0835e8f1c8388ef468d6310bca33d5c0) Importer(815301076,1909f56bfc062723c751e8b465ee728b)  -> (artifact id: 'cfa6fb56d84dde40b8926f15b6fae215') in 0.022535 seconds
  Import took 0.026558 seconds .

========================================================================
Received Import Request.
  Time since last request: 4.566929 seconds.
  path: Assets/Prefabs/Enemys/Tough/Enemy_Tank.prefab
  artifactKey: Guid(0835e8f1c8388ef468d6310bca33d5c0) Importer(815301076,1909f56bfc062723c751e8b465ee728b)
Start importing Assets/Prefabs/Enemys/Tough/Enemy_Tank.prefab using Guid(0835e8f1c8388ef468d6310bca33d5c0) Importer(815301076,1909f56bfc062723c751e8b465ee728b)  -> (artifact id: '2e439bf9b36f9502c3895434ea2bbe15') in 0.021691 seconds
  Import took 0.026064 seconds .

========================================================================
Received Import Request.
  Time since last request: 3.125008 seconds.
  path: Assets/Prefabs/Enemys/Tough/Enemy_Tank.prefab
  artifactKey: Guid(0835e8f1c8388ef468d6310bca33d5c0) Importer(815301076,1909f56bfc062723c751e8b465ee728b)
Start importing Assets/Prefabs/Enemys/Tough/Enemy_Tank.prefab using Guid(0835e8f1c8388ef468d6310bca33d5c0) Importer(815301076,1909f56bfc062723c751e8b465ee728b)  -> (artifact id: '8c97cc685da7cd4382a2fb4a8564723d') in 0.022413 seconds
  Import took 0.026123 seconds .

========================================================================
Received Import Request.
  Time since last request: 8.508914 seconds.
  path: Assets/Prefabs/Enemys/Fast/Enemy_Speeder_AR.prefab
  artifactKey: Guid(ed220973fdb2e5843977528faf9bd32f) Importer(815301076,1909f56bfc062723c751e8b465ee728b)
Start importing Assets/Prefabs/Enemys/Fast/Enemy_Speeder_AR.prefab using Guid(ed220973fdb2e5843977528faf9bd32f) Importer(815301076,1909f56bfc062723c751e8b465ee728b)  -> (artifact id: 'db03f9159583dca36d5e4f5f6a84a0ad') in 0.025583 seconds
  Import took 0.029357 seconds .

========================================================================
Received Import Request.
  Time since last request: 1.204110 seconds.
  path: Assets/Prefabs/Enemys/Tough/Enemy_Tank_AR.prefab
  artifactKey: Guid(5442e80ffa3658949a4271d6ece6f488) Importer(815301076,1909f56bfc062723c751e8b465ee728b)
Start importing Assets/Prefabs/Enemys/Tough/Enemy_Tank_AR.prefab using Guid(5442e80ffa3658949a4271d6ece6f488) Importer(815301076,1909f56bfc062723c751e8b465ee728b)  -> (artifact id: 'b4724ea5cbc59a3a787cf3651d55022a') in 0.024657 seconds
  Import took 0.028737 seconds .

========================================================================
Received Prepare
Registering precompiled user dll's ...
Registered in 0.001125 seconds.
Begin MonoManager ReloadAssembly
Native extension for WindowsStandalone target not found
Refreshing native plugins compatible for Editor in 0.40 ms, found 1 plugins.
Preloading 0 native plugins for Editor in 0.00 ms.
Mono: successfully reloaded assembly
- Completed reload, in  0.955 seconds
Platform modules already initialized, skipping
Refreshing native plugins compatible for Editor in 0.38 ms, found 1 plugins.
Preloading 0 native plugins for Editor in 0.00 ms.
Unloading 1825 Unused Serialized files (Serialized files now loaded: 0)
System memory in use before: 161.6 MB.
System memory in use after: 161.7 MB.

Unloading 7 unused Assets to reduce memory usage. Loaded Objects now: 2327.
Total: 1.993200 ms (FindLiveObjects: 0.299700 ms CreateObjectMapping: 0.131300 ms MarkObjects: 1.547900 ms  DeleteObjects: 0.013300 ms)

========================================================================
Received Import Request.
  Time since last request: 230.136521 seconds.
  path: Assets/Scripts/UI_Scripts/MainMenu1.cs
  artifactKey: Guid(d694d10f3f49cf644becc1e1c7004545) Importer(815301076,1909f56bfc062723c751e8b465ee728b)
Start importing Assets/Scripts/UI_Scripts/MainMenu1.cs using Guid(d694d10f3f49cf644becc1e1c7004545) Importer(815301076,1909f56bfc062723c751e8b465ee728b)  -> (artifact id: 'f2a98c64a83710c0e5270667055a1155') in 0.013263 seconds
  Import took 0.017390 seconds .

========================================================================
Received Import Request.
  Time since last request: 0.001479 seconds.
  path: Assets/Scripts/UI_Scripts/MainMenu1.cs
  artifactKey: Guid(d694d10f3f49cf644becc1e1c7004545) Importer(815301076,1909f56bfc062723c751e8b465ee728b)
Start importing Assets/Scripts/UI_Scripts/MainMenu1.cs using Guid(d694d10f3f49cf644becc1e1c7004545) Importer(815301076,1909f56bfc062723c751e8b465ee728b)  -> (artifact id: 'f2a98c64a83710c0e5270667055a1155') in 0.006728 seconds
  Import took 0.010179 seconds .

========================================================================
Received Import Request.
  Time since last request: 0.447949 seconds.
  path: Assets/Scripts/UI_Scripts/MainMenu.cs
  artifactKey: Guid(b06a8f646c6b3914f9ac468f23718d7e) Importer(815301076,1909f56bfc062723c751e8b465ee728b)
Start importing Assets/Scripts/UI_Scripts/MainMenu.cs using Guid(b06a8f646c6b3914f9ac468f23718d7e) Importer(815301076,1909f56bfc062723c751e8b465ee728b)  -> (artifact id: 'ec57f3be1207d5da789dd3d863f15083') in 0.007341 seconds
  Import took 0.010542 seconds .

========================================================================
Received Prepare
Registering precompiled user dll's ...
Registered in 0.001122 seconds.
Begin MonoManager ReloadAssembly
Native extension for WindowsStandalone target not found
Refreshing native plugins compatible for Editor in 0.33 ms, found 1 plugins.
Preloading 0 native plugins for Editor in 0.00 ms.
Mono: successfully reloaded assembly
- Completed reload, in  0.866 seconds
Platform modules already initialized, skipping
Refreshing native plugins compatible for Editor in 0.33 ms, found 1 plugins.
Preloading 0 native plugins for Editor in 0.00 ms.
Unloading 1825 Unused Serialized files (Serialized files now loaded: 0)
System memory in use before: 161.6 MB.
System memory in use after: 161.7 MB.

Unloading 8 unused Assets to reduce memory usage. Loaded Objects now: 2331.
Total: 1.948800 ms (FindLiveObjects: 0.205800 ms CreateObjectMapping: 0.078000 ms MarkObjects: 1.642300 ms  DeleteObjects: 0.021000 ms)

========================================================================
Received Import Request.
  Time since last request: 31.789116 seconds.
  path: Assets/Scripts/UI_Scripts/MainMenu.cs
  artifactKey: Guid(d694d10f3f49cf644becc1e1c7004545) Importer(815301076,1909f56bfc062723c751e8b465ee728b)
Start importing Assets/Scripts/UI_Scripts/MainMenu.cs using Guid(d694d10f3f49cf644becc1e1c7004545) Importer(815301076,1909f56bfc062723c751e8b465ee728b)  -> (artifact id: '3ca0e79d74b49d1a87b918a131fa2ce5') in 0.011962 seconds
  Import took 0.016348 seconds .

========================================================================
Received Prepare
Registering precompiled user dll's ...
Registered in 0.001206 seconds.
Begin MonoManager ReloadAssembly
Native extension for WindowsStandalone target not found
Refreshing native plugins compatible for Editor in 0.80 ms, found 1 plugins.
Preloading 0 native plugins for Editor in 0.00 ms.
Mono: successfully reloaded assembly
- Completed reload, in  0.914 seconds
Platform modules already initialized, skipping
Refreshing native plugins compatible for Editor in 0.38 ms, found 1 plugins.
Preloading 0 native plugins for Editor in 0.00 ms.
Unloading 1825 Unused Serialized files (Serialized files now loaded: 0)
System memory in use before: 161.6 MB.
System memory in use after: 161.8 MB.

Unloading 7 unused Assets to reduce memory usage. Loaded Objects now: 2335.
Total: 2.360400 ms (FindLiveObjects: 0.216200 ms CreateObjectMapping: 0.087900 ms MarkObjects: 2.038100 ms  DeleteObjects: 0.016900 ms)

========================================================================
Received Import Request.
  Time since last request: 77.355471 seconds.
  path: Assets/Scenes/mainmenu 1.unity
  artifactKey: Guid(9cf88069419e05948894b5ea7eabb11c) Importer(815301076,1909f56bfc062723c751e8b465ee728b)
Start importing Assets/Scenes/mainmenu 1.unity using Guid(9cf88069419e05948894b5ea7eabb11c) Importer(815301076,1909f56bfc062723c751e8b465ee728b)  -> (artifact id: '0e233a6205f60a9c6d006a9495a6ccb8') in 0.017822 seconds
  Import took 0.021639 seconds .

========================================================================
Received Prepare
Registering precompiled user dll's ...
Registered in 0.001709 seconds.
Begin MonoManager ReloadAssembly
Native extension for WindowsStandalone target not found
Refreshing native plugins compatible for Editor in 0.56 ms, found 1 plugins.
Preloading 0 native plugins for Editor in 0.00 ms.
Mono: successfully reloaded assembly
- Completed reload, in  0.864 seconds
Platform modules already initialized, skipping
Refreshing native plugins compatible for Editor in 0.35 ms, found 1 plugins.
Preloading 0 native plugins for Editor in 0.00 ms.
Unloading 1825 Unused Serialized files (Serialized files now loaded: 0)
System memory in use before: 161.7 MB.
System memory in use after: 161.8 MB.

Unloading 7 unused Assets to reduce memory usage. Loaded Objects now: 2339.
Total: 2.575100 ms (FindLiveObjects: 0.400900 ms CreateObjectMapping: 0.129700 ms MarkObjects: 2.026200 ms  DeleteObjects: 0.016700 ms)

========================================================================
Received Prepare
Registering precompiled user dll's ...
Registered in 0.001250 seconds.
Begin MonoManager ReloadAssembly
Native extension for WindowsStandalone target not found
Refreshing native plugins compatible for Editor in 0.35 ms, found 1 plugins.
Preloading 0 native plugins for Editor in 0.00 ms.
Mono: successfully reloaded assembly
- Completed reload, in  0.907 seconds
Platform modules already initialized, skipping
Refreshing native plugins compatible for Editor in 0.34 ms, found 1 plugins.
Preloading 0 native plugins for Editor in 0.00 ms.
Unloading 1825 Unused Serialized files (Serialized files now loaded: 0)
System memory in use before: 161.7 MB.
System memory in use after: 161.8 MB.

Unloading 7 unused Assets to reduce memory usage. Loaded Objects now: 2343.
Total: 2.110200 ms (FindLiveObjects: 0.222500 ms CreateObjectMapping: 0.086800 ms MarkObjects: 1.782400 ms  DeleteObjects: 0.017100 ms)

========================================================================
Received Prepare
Registering precompiled user dll's ...
Registered in 0.001262 seconds.
Begin MonoManager ReloadAssembly
Native extension for WindowsStandalone target not found
Refreshing native plugins compatible for Editor in 0.37 ms, found 1 plugins.
Preloading 0 native plugins for Editor in 0.00 ms.
Mono: successfully reloaded assembly
- Completed reload, in  0.912 seconds
Platform modules already initialized, skipping
Refreshing native plugins compatible for Editor in 0.35 ms, found 1 plugins.
Preloading 0 native plugins for Editor in 0.00 ms.
Unloading 1825 Unused Serialized files (Serialized files now loaded: 0)
System memory in use before: 161.7 MB.
System memory in use after: 161.8 MB.

Unloading 7 unused Assets to reduce memory usage. Loaded Objects now: 2347.
Total: 2.239400 ms (FindLiveObjects: 0.344400 ms CreateObjectMapping: 0.158400 ms MarkObjects: 1.715900 ms  DeleteObjects: 0.019000 ms)

========================================================================
Received Prepare
Registering precompiled user dll's ...
Registered in 0.001096 seconds.
Begin MonoManager ReloadAssembly
Native extension for WindowsStandalone target not found
Refreshing native plugins compatible for Editor in 0.33 ms, found 1 plugins.
Preloading 0 native plugins for Editor in 0.00 ms.
Mono: successfully reloaded assembly
- Completed reload, in  0.793 seconds
Platform modules already initialized, skipping
Refreshing native plugins compatible for Editor in 0.32 ms, found 1 plugins.
Preloading 0 native plugins for Editor in 0.00 ms.
Unloading 1825 Unused Serialized files (Serialized files now loaded: 0)
System memory in use before: 161.7 MB.
System memory in use after: 161.8 MB.

Unloading 7 unused Assets to reduce memory usage. Loaded Objects now: 2351.
Total: 1.934900 ms (FindLiveObjects: 0.198900 ms CreateObjectMapping: 0.068600 ms MarkObjects: 1.606600 ms  DeleteObjects: 0.059500 ms)

========================================================================
Received Prepare
Registering precompiled user dll's ...
Registered in 0.001187 seconds.
Begin MonoManager ReloadAssembly
Native extension for WindowsStandalone target not found
Refreshing native plugins compatible for Editor in 0.38 ms, found 1 plugins.
Preloading 0 native plugins for Editor in 0.00 ms.
Mono: successfully reloaded assembly
- Completed reload, in  0.860 seconds
Platform modules already initialized, skipping
Refreshing native plugins compatible for Editor in 0.33 ms, found 1 plugins.
Preloading 0 native plugins for Editor in 0.00 ms.
Unloading 1825 Unused Serialized files (Serialized files now loaded: 0)
System memory in use before: 161.7 MB.
System memory in use after: 161.8 MB.

Unloading 7 unused Assets to reduce memory usage. Loaded Objects now: 2355.
Total: 2.248300 ms (FindLiveObjects: 0.283500 ms CreateObjectMapping: 0.117400 ms MarkObjects: 1.829800 ms  DeleteObjects: 0.016200 ms)

========================================================================
Received Prepare
Registering precompiled user dll's ...
Registered in 0.001360 seconds.
Begin MonoManager ReloadAssembly
Native extension for WindowsStandalone target not found
Refreshing native plugins compatible for Editor in 0.35 ms, found 1 plugins.
Preloading 0 native plugins for Editor in 0.00 ms.
Mono: successfully reloaded assembly
- Completed reload, in  0.858 seconds
Platform modules already initialized, skipping
Refreshing native plugins compatible for Editor in 0.39 ms, found 1 plugins.
Preloading 0 native plugins for Editor in 0.00 ms.
Unloading 1825 Unused Serialized files (Serialized files now loaded: 0)
System memory in use before: 161.7 MB.
System memory in use after: 161.8 MB.

Unloading 7 unused Assets to reduce memory usage. Loaded Objects now: 2359.
Total: 2.404300 ms (FindLiveObjects: 0.347400 ms CreateObjectMapping: 0.156000 ms MarkObjects: 1.882700 ms  DeleteObjects: 0.016800 ms)

========================================================================
Received Import Request.
  Time since last request: 619.648648 seconds.
  path: Assets/Scripts/UI_Scripts/MainMenu.cs
  artifactKey: Guid(d694d10f3f49cf644becc1e1c7004545) Importer(815301076,1909f56bfc062723c751e8b465ee728b)
Start importing Assets/Scripts/UI_Scripts/MainMenu.cs using Guid(d694d10f3f49cf644becc1e1c7004545) Importer(815301076,1909f56bfc062723c751e8b465ee728b)  -> (artifact id: 'b3bd7b36a46b0e82aca044bdcbf15477') in 0.010585 seconds
  Import took 0.016084 seconds .

========================================================================
Received Prepare
Registering precompiled user dll's ...
Registered in 0.001066 seconds.
Begin MonoManager ReloadAssembly
Native extension for WindowsStandalone target not found
Refreshing native plugins compatible for Editor in 0.45 ms, found 1 plugins.
Preloading 0 native plugins for Editor in 0.00 ms.
Mono: successfully reloaded assembly
- Completed reload, in  0.820 seconds
Platform modules already initialized, skipping
Refreshing native plugins compatible for Editor in 0.37 ms, found 1 plugins.
Preloading 0 native plugins for Editor in 0.00 ms.
Unloading 1825 Unused Serialized files (Serialized files now loaded: 0)
System memory in use before: 161.7 MB.
System memory in use after: 161.8 MB.

Unloading 7 unused Assets to reduce memory usage. Loaded Objects now: 2363.
Total: 1.830100 ms (FindLiveObjects: 0.217900 ms CreateObjectMapping: 0.084100 ms MarkObjects: 1.513900 ms  DeleteObjects: 0.013100 ms)

========================================================================
Received Prepare
Registering precompiled user dll's ...
Registered in 0.001629 seconds.
Begin MonoManager ReloadAssembly
Native extension for WindowsStandalone target not found
Refreshing native plugins compatible for Editor in 0.33 ms, found 1 plugins.
Preloading 0 native plugins for Editor in 0.00 ms.
Mono: successfully reloaded assembly
- Completed reload, in  0.777 seconds
Platform modules already initialized, skipping
Refreshing native plugins compatible for Editor in 0.35 ms, found 1 plugins.
Preloading 0 native plugins for Editor in 0.00 ms.
Unloading 1825 Unused Serialized files (Serialized files now loaded: 0)
System memory in use before: 161.7 MB.
System memory in use after: 161.8 MB.

Unloading 7 unused Assets to reduce memory usage. Loaded Objects now: 2367.
Total: 1.907100 ms (FindLiveObjects: 0.219900 ms CreateObjectMapping: 0.083500 ms MarkObjects: 1.588800 ms  DeleteObjects: 0.013700 ms)

========================================================================
Received Prepare
Registering precompiled user dll's ...
Registered in 0.001198 seconds.
Begin MonoManager ReloadAssembly
Native extension for WindowsStandalone target not found
Refreshing native plugins compatible for Editor in 0.65 ms, found 1 plugins.
Preloading 0 native plugins for Editor in 0.00 ms.
Mono: successfully reloaded assembly
- Completed reload, in  0.911 seconds
Platform modules already initialized, skipping
Refreshing native plugins compatible for Editor in 0.33 ms, found 1 plugins.
Preloading 0 native plugins for Editor in 0.00 ms.
Unloading 1825 Unused Serialized files (Serialized files now loaded: 0)
System memory in use before: 161.7 MB.
System memory in use after: 161.8 MB.

Unloading 7 unused Assets to reduce memory usage. Loaded Objects now: 2371.
Total: 1.950400 ms (FindLiveObjects: 0.307400 ms CreateObjectMapping: 0.126700 ms MarkObjects: 1.502000 ms  DeleteObjects: 0.013000 ms)

========================================================================
Received Prepare
Registering precompiled user dll's ...
Registered in 0.001347 seconds.
Begin MonoManager ReloadAssembly
Native extension for WindowsStandalone target not found
Refreshing native plugins compatible for Editor in 0.39 ms, found 1 plugins.
Preloading 0 native plugins for Editor in 0.00 ms.
Mono: successfully reloaded assembly
- Completed reload, in  0.842 seconds
Platform modules already initialized, skipping
Refreshing native plugins compatible for Editor in 0.36 ms, found 1 plugins.
Preloading 0 native plugins for Editor in 0.00 ms.
Unloading 1825 Unused Serialized files (Serialized files now loaded: 0)
System memory in use before: 161.7 MB.
System memory in use after: 161.8 MB.

Unloading 7 unused Assets to reduce memory usage. Loaded Objects now: 2375.
Total: 2.288800 ms (FindLiveObjects: 0.314900 ms CreateObjectMapping: 0.118300 ms MarkObjects: 1.838100 ms  DeleteObjects: 0.015900 ms)

========================================================================
Received Prepare
Registering precompiled user dll's ...
Registered in 0.001146 seconds.
Begin MonoManager ReloadAssembly
Native extension for WindowsStandalone target not found
Refreshing native plugins compatible for Editor in 0.36 ms, found 1 plugins.
Preloading 0 native plugins for Editor in 0.00 ms.
Mono: successfully reloaded assembly
- Completed reload, in  0.853 seconds
Platform modules already initialized, skipping
Refreshing native plugins compatible for Editor in 0.38 ms, found 1 plugins.
Preloading 0 native plugins for Editor in 0.00 ms.
Unloading 1825 Unused Serialized files (Serialized files now loaded: 0)
System memory in use before: 161.7 MB.
System memory in use after: 161.9 MB.

Unloading 7 unused Assets to reduce memory usage. Loaded Objects now: 2379.
Total: 1.978900 ms (FindLiveObjects: 0.288200 ms CreateObjectMapping: 0.115900 ms MarkObjects: 1.560100 ms  DeleteObjects: 0.013800 ms)

========================================================================
Received Prepare
Registering precompiled user dll's ...
Registered in 0.001118 seconds.
Begin MonoManager ReloadAssembly
Native extension for WindowsStandalone target not found
Refreshing native plugins compatible for Editor in 0.35 ms, found 1 plugins.
Preloading 0 native plugins for Editor in 0.00 ms.
Mono: successfully reloaded assembly
- Completed reload, in  0.860 seconds
Platform modules already initialized, skipping
Refreshing native plugins compatible for Editor in 0.40 ms, found 1 plugins.
Preloading 0 native plugins for Editor in 0.00 ms.
Unloading 1825 Unused Serialized files (Serialized files now loaded: 0)
System memory in use before: 161.7 MB.
System memory in use after: 161.9 MB.

Unloading 7 unused Assets to reduce memory usage. Loaded Objects now: 2383.
Total: 2.136500 ms (FindLiveObjects: 0.264300 ms CreateObjectMapping: 0.112600 ms MarkObjects: 1.742000 ms  DeleteObjects: 0.016300 ms)

========================================================================
Received Prepare
Registering precompiled user dll's ...
Registered in 0.001117 seconds.
Begin MonoManager ReloadAssembly
Native extension for WindowsStandalone target not found
Refreshing native plugins compatible for Editor in 0.38 ms, found 1 plugins.
Preloading 0 native plugins for Editor in 0.00 ms.
Mono: successfully reloaded assembly
- Completed reload, in  0.867 seconds
Platform modules already initialized, skipping
Refreshing native plugins compatible for Editor in 0.33 ms, found 1 plugins.
Preloading 0 native plugins for Editor in 0.00 ms.
Unloading 1825 Unused Serialized files (Serialized files now loaded: 0)
System memory in use before: 161.8 MB.
System memory in use after: 161.9 MB.

Unloading 7 unused Assets to reduce memory usage. Loaded Objects now: 2387.
Total: 2.002900 ms (FindLiveObjects: 0.377000 ms CreateObjectMapping: 0.103900 ms MarkObjects: 1.503800 ms  DeleteObjects: 0.016200 ms)

========================================================================
Received Prepare
Registering precompiled user dll's ...
Registered in 0.001396 seconds.
Begin MonoManager ReloadAssembly
Native extension for WindowsStandalone target not found
Refreshing native plugins compatible for Editor in 0.60 ms, found 1 plugins.
Preloading 0 native plugins for Editor in 0.00 ms.
Mono: successfully reloaded assembly
- Completed reload, in  0.876 seconds
Platform modules already initialized, skipping
Refreshing native plugins compatible for Editor in 0.34 ms, found 1 plugins.
Preloading 0 native plugins for Editor in 0.00 ms.
Unloading 1825 Unused Serialized files (Serialized files now loaded: 0)
System memory in use before: 161.8 MB.
System memory in use after: 161.9 MB.

Unloading 7 unused Assets to reduce memory usage. Loaded Objects now: 2391.
Total: 1.762500 ms (FindLiveObjects: 0.199400 ms CreateObjectMapping: 0.077200 ms MarkObjects: 1.472200 ms  DeleteObjects: 0.013000 ms)

========================================================================
Received Import Request.
  Time since last request: 804.778638 seconds.
  path: Assets/Scenes/mainmenu.unity
  artifactKey: Guid(649b362ab6ff7f74cbb948c931498b9a) Importer(815301076,1909f56bfc062723c751e8b465ee728b)
Start importing Assets/Scenes/mainmenu.unity using Guid(649b362ab6ff7f74cbb948c931498b9a) Importer(815301076,1909f56bfc062723c751e8b465ee728b)  -> (artifact id: '3cf552f6cdc7659fb16a2dd680bdb49b') in 0.018642 seconds
  Import took 0.023087 seconds .

========================================================================
Received Import Request.
  Time since last request: 7.549409 seconds.
  path: Assets/Scenes
  artifactKey: Guid(0558763b898efef41af11c4a80f2d44d) Importer(815301076,1909f56bfc062723c751e8b465ee728b)
Start importing Assets/Scenes using Guid(0558763b898efef41af11c4a80f2d44d) Importer(815301076,1909f56bfc062723c751e8b465ee728b)  -> (artifact id: '11c6641d28ed7a1010e6c853431af1bf') in 0.010313 seconds
  Import took 0.015868 seconds .

========================================================================
Received Import Request.
  Time since last request: 0.000844 seconds.
  path: Assets/Scenes
  artifactKey: Guid(0558763b898efef41af11c4a80f2d44d) Importer(815301076,1909f56bfc062723c751e8b465ee728b)
Start importing Assets/Scenes using Guid(0558763b898efef41af11c4a80f2d44d) Importer(815301076,1909f56bfc062723c751e8b465ee728b)  -> (artifact id: '11c6641d28ed7a1010e6c853431af1bf') in 0.007935 seconds
  Import took 0.012642 seconds .

========================================================================
Received Import Request.
  Time since last request: 28.002562 seconds.
  path: Assets/Scenes/WinScreen.unity
  artifactKey: Guid(712206811c9f44b41923a99b7a249e49) Importer(815301076,1909f56bfc062723c751e8b465ee728b)
Start importing Assets/Scenes/WinScreen.unity using Guid(712206811c9f44b41923a99b7a249e49) Importer(815301076,1909f56bfc062723c751e8b465ee728b)  -> (artifact id: 'b59bc004ae21cc391fea2f1e4a2f2ce6') in 0.008031 seconds
  Import took 0.013294 seconds .

========================================================================
Received Import Request.
  Time since last request: 17.955325 seconds.
  path: Assets/Scenes/LoseScreen.unity
  artifactKey: Guid(13222b446e095764fa66cc220c9c6f34) Importer(815301076,1909f56bfc062723c751e8b465ee728b)
Start importing Assets/Scenes/LoseScreen.unity using Guid(13222b446e095764fa66cc220c9c6f34) Importer(815301076,1909f56bfc062723c751e8b465ee728b)  -> (artifact id: '427284666a20ab9e35a9a213a6d47505') in 0.009271 seconds
  Import took 0.014047 seconds .

========================================================================
Received Import Request.
  Time since last request: 3.499585 seconds.
  path: Assets/Scenes/SampleScene.unity
  artifactKey: Guid(8b5ead77b3ad4db4699d232dbaf62c87) Importer(815301076,1909f56bfc062723c751e8b465ee728b)
Start importing Assets/Scenes/SampleScene.unity using Guid(8b5ead77b3ad4db4699d232dbaf62c87) Importer(815301076,1909f56bfc062723c751e8b465ee728b)  -> (artifact id: '920f8b41ddc316871e6e3c5a175dba09') in 0.008708 seconds
  Import took 0.013391 seconds .

========================================================================
Received Prepare
Registering precompiled user dll's ...
Registered in 0.001208 seconds.
Begin MonoManager ReloadAssembly
Native extension for WindowsStandalone target not found
Refreshing native plugins compatible for Editor in 0.57 ms, found 1 plugins.
Preloading 0 native plugins for Editor in 0.00 ms.
Mono: successfully reloaded assembly
- Completed reload, in  0.831 seconds
Platform modules already initialized, skipping
Refreshing native plugins compatible for Editor in 0.33 ms, found 1 plugins.
Preloading 0 native plugins for Editor in 0.00 ms.
Unloading 1825 Unused Serialized files (Serialized files now loaded: 0)
System memory in use before: 162.0 MB.
System memory in use after: 162.1 MB.

Unloading 7 unused Assets to reduce memory usage. Loaded Objects now: 2395.
Total: 1.893300 ms (FindLiveObjects: 0.281500 ms CreateObjectMapping: 0.102800 ms MarkObjects: 1.493700 ms  DeleteObjects: 0.014000 ms)

========================================================================
Received Prepare
Registering precompiled user dll's ...
Registered in 0.001167 seconds.
Begin MonoManager ReloadAssembly
Native extension for WindowsStandalone target not found
Refreshing native plugins compatible for Editor in 0.42 ms, found 1 plugins.
Preloading 0 native plugins for Editor in 0.00 ms.
Mono: successfully reloaded assembly
- Completed reload, in  0.818 seconds
Platform modules already initialized, skipping
Refreshing native plugins compatible for Editor in 0.33 ms, found 1 plugins.
Preloading 0 native plugins for Editor in 0.00 ms.
Unloading 1825 Unused Serialized files (Serialized files now loaded: 0)
System memory in use before: 162.0 MB.
System memory in use after: 162.1 MB.

Unloading 7 unused Assets to reduce memory usage. Loaded Objects now: 2399.
Total: 1.760500 ms (FindLiveObjects: 0.185300 ms CreateObjectMapping: 0.073300 ms MarkObjects: 1.488600 ms  DeleteObjects: 0.012100 ms)

========================================================================
Received Import Request.
  Time since last request: 542.180327 seconds.
  path: Assets/Scripts/UI_Scripts/levelchange.cs
  artifactKey: Guid(535551037b80e8a41b54afaa7336b15e) Importer(815301076,1909f56bfc062723c751e8b465ee728b)
Start importing Assets/Scripts/UI_Scripts/levelchange.cs using Guid(535551037b80e8a41b54afaa7336b15e) Importer(815301076,1909f56bfc062723c751e8b465ee728b)  -> (artifact id: '4b3103995567bfa9304dd455d3f1962e') in 0.008496 seconds
  Import took 0.013508 seconds .

========================================================================
Received Prepare
Registering precompiled user dll's ...
Registered in 0.001218 seconds.
Begin MonoManager ReloadAssembly
Native extension for WindowsStandalone target not found
Refreshing native plugins compatible for Editor in 0.37 ms, found 1 plugins.
Preloading 0 native plugins for Editor in 0.00 ms.
Mono: successfully reloaded assembly
- Completed reload, in  0.832 seconds
Platform modules already initialized, skipping
Refreshing native plugins compatible for Editor in 0.54 ms, found 1 plugins.
Preloading 0 native plugins for Editor in 0.00 ms.
Unloading 1825 Unused Serialized files (Serialized files now loaded: 0)
System memory in use before: 162.0 MB.
System memory in use after: 162.1 MB.

Unloading 7 unused Assets to reduce memory usage. Loaded Objects now: 2403.
Total: 2.032600 ms (FindLiveObjects: 0.281800 ms CreateObjectMapping: 0.085700 ms MarkObjects: 1.648000 ms  DeleteObjects: 0.015800 ms)

========================================================================
Received Import Request.
  Time since last request: 371.803340 seconds.
  path: Assets/Scripts/Enemy_Scripts/GameManager.cs
  artifactKey: Guid(037820f2e3c922e4aa5f0bc2deba24f8) Importer(815301076,1909f56bfc062723c751e8b465ee728b)
Start importing Assets/Scripts/Enemy_Scripts/GameManager.cs using Guid(037820f2e3c922e4aa5f0bc2deba24f8) Importer(815301076,1909f56bfc062723c751e8b465ee728b)  -> (artifact id: '63811491b9bb9af7ec9397034f48b868') in 0.011602 seconds
  Import took 0.016765 seconds .

========================================================================
Received Prepare
Registering precompiled user dll's ...
Registered in 0.001151 seconds.
Begin MonoManager ReloadAssembly
Native extension for WindowsStandalone target not found
Refreshing native plugins compatible for Editor in 0.38 ms, found 1 plugins.
Preloading 0 native plugins for Editor in 0.00 ms.
Mono: successfully reloaded assembly
- Completed reload, in  0.814 seconds
Platform modules already initialized, skipping
Refreshing native plugins compatible for Editor in 0.33 ms, found 1 plugins.
Preloading 0 native plugins for Editor in 0.00 ms.
Unloading 1825 Unused Serialized files (Serialized files now loaded: 0)
System memory in use before: 162.0 MB.
System memory in use after: 162.1 MB.

Unloading 7 unused Assets to reduce memory usage. Loaded Objects now: 2407.
Total: 2.082700 ms (FindLiveObjects: 0.197100 ms CreateObjectMapping: 0.073400 ms MarkObjects: 1.795500 ms  DeleteObjects: 0.015600 ms)

========================================================================
Received Import Request.
  Time since last request: 191.274782 seconds.
  path: Assets/Scripts/Enemy_Scripts/TurningSprites.cs
  artifactKey: Guid(f41a0805fc649754cbb74fb5410a1c16) Importer(815301076,1909f56bfc062723c751e8b465ee728b)
Start importing Assets/Scripts/Enemy_Scripts/TurningSprites.cs using Guid(f41a0805fc649754cbb74fb5410a1c16) Importer(815301076,1909f56bfc062723c751e8b465ee728b)  -> (artifact id: '17550bff042d1c79cd526c0ebfb35ac3') in 0.010419 seconds
  Import took 0.015894 seconds .

========================================================================
Received Import Request.
  Time since last request: 0.002057 seconds.
  path: Assets/Scripts/Enemy_Scripts/TurningSprites.cs
  artifactKey: Guid(f41a0805fc649754cbb74fb5410a1c16) Importer(815301076,1909f56bfc062723c751e8b465ee728b)
Start importing Assets/Scripts/Enemy_Scripts/TurningSprites.cs using Guid(f41a0805fc649754cbb74fb5410a1c16) Importer(815301076,1909f56bfc062723c751e8b465ee728b)  -> (artifact id: '17550bff042d1c79cd526c0ebfb35ac3') in 0.008308 seconds
  Import took 0.013826 seconds .

========================================================================
Received Prepare
Registering precompiled user dll's ...
Registered in 0.001071 seconds.
Begin MonoManager ReloadAssembly
Native extension for WindowsStandalone target not found
Refreshing native plugins compatible for Editor in 0.33 ms, found 1 plugins.
Preloading 0 native plugins for Editor in 0.00 ms.
Mono: successfully reloaded assembly
- Completed reload, in  0.813 seconds
Platform modules already initialized, skipping
Refreshing native plugins compatible for Editor in 0.33 ms, found 1 plugins.
Preloading 0 native plugins for Editor in 0.00 ms.
Unloading 1825 Unused Serialized files (Serialized files now loaded: 0)
System memory in use before: 162.0 MB.
System memory in use after: 162.1 MB.

Unloading 7 unused Assets to reduce memory usage. Loaded Objects now: 2411.
Total: 1.782900 ms (FindLiveObjects: 0.184900 ms CreateObjectMapping: 0.066300 ms MarkObjects: 1.518700 ms  DeleteObjects: 0.012000 ms)

========================================================================
Received Prepare
Registering precompiled user dll's ...
Registered in 0.001163 seconds.
Begin MonoManager ReloadAssembly
Native extension for WindowsStandalone target not found
Refreshing native plugins compatible for Editor in 0.33 ms, found 1 plugins.
Preloading 0 native plugins for Editor in 0.00 ms.
Mono: successfully reloaded assembly
- Completed reload, in  0.788 seconds
Platform modules already initialized, skipping
Refreshing native plugins compatible for Editor in 0.33 ms, found 1 plugins.
Preloading 0 native plugins for Editor in 0.00 ms.
Unloading 1825 Unused Serialized files (Serialized files now loaded: 0)
System memory in use before: 162.0 MB.
System memory in use after: 162.2 MB.

Unloading 7 unused Assets to reduce memory usage. Loaded Objects now: 2415.
Total: 2.318900 ms (FindLiveObjects: 0.459300 ms CreateObjectMapping: 0.206400 ms MarkObjects: 1.615100 ms  DeleteObjects: 0.037200 ms)

========================================================================
Received Import Request.
  Time since last request: 208.984610 seconds.
  path: Assets/Prefabs/GameMaster.prefab
  artifactKey: Guid(b0ab2e02adad918419c446a861633cdd) Importer(815301076,1909f56bfc062723c751e8b465ee728b)
Start importing Assets/Prefabs/GameMaster.prefab using Guid(b0ab2e02adad918419c446a861633cdd) Importer(815301076,1909f56bfc062723c751e8b465ee728b)  -> (artifact id: 'a040de7e78c2f0b48f0fc27b4cf93cd1') in 0.029880 seconds
  Import took 0.034759 seconds .

========================================================================
Received Import Request.
  Time since last request: 60.879896 seconds.
  path: Assets/Scripts/Enemy_Scripts/GameManager.cs
  artifactKey: Guid(037820f2e3c922e4aa5f0bc2deba24f8) Importer(815301076,1909f56bfc062723c751e8b465ee728b)
Start importing Assets/Scripts/Enemy_Scripts/GameManager.cs using Guid(037820f2e3c922e4aa5f0bc2deba24f8) Importer(815301076,1909f56bfc062723c751e8b465ee728b)  -> (artifact id: '993e5ff62558b7aefc36d671c0789261') in 0.007757 seconds
  Import took 0.013947 seconds .

========================================================================
Received Import Request.
  Time since last request: 0.883740 seconds.
  path: Assets/Scripts/UI_Scripts/MainMenu.cs
  artifactKey: Guid(d694d10f3f49cf644becc1e1c7004545) Importer(815301076,1909f56bfc062723c751e8b465ee728b)
Start importing Assets/Scripts/UI_Scripts/MainMenu.cs using Guid(d694d10f3f49cf644becc1e1c7004545) Importer(815301076,1909f56bfc062723c751e8b465ee728b)  -> (artifact id: '6456174c1b145c651a24f6d9ffe9d921') in 0.007325 seconds
  Import took 0.012377 seconds .

========================================================================
Received Import Request.
  Time since last request: 0.000642 seconds.
  path: Assets/Scripts/UI_Scripts/MainMenu.cs
  artifactKey: Guid(d694d10f3f49cf644becc1e1c7004545) Importer(815301076,1909f56bfc062723c751e8b465ee728b)
Start importing Assets/Scripts/UI_Scripts/MainMenu.cs using Guid(d694d10f3f49cf644becc1e1c7004545) Importer(815301076,1909f56bfc062723c751e8b465ee728b)  -> (artifact id: '6456174c1b145c651a24f6d9ffe9d921') in 0.007985 seconds
  Import took 0.013246 seconds .

========================================================================
Received Import Request.
  Time since last request: 0.554271 seconds.
  path: Assets/Scripts/UI_Scripts/MainMenu1.cs
  artifactKey: Guid(d694d10f3f49cf644becc1e1c7004545) Importer(815301076,1909f56bfc062723c751e8b465ee728b)
Start importing Assets/Scripts/UI_Scripts/MainMenu1.cs using Guid(d694d10f3f49cf644becc1e1c7004545) Importer(815301076,1909f56bfc062723c751e8b465ee728b)  -> (artifact id: 'f2f3a1944bfc9fda686205b3701ac938') in 0.007028 seconds
  Import took 0.012071 seconds .

========================================================================
Received Import Request.
  Time since last request: 0.054495 seconds.
  path: Assets/Scripts/UI_Scripts/MainMenu1.cs
  artifactKey: Guid(d694d10f3f49cf644becc1e1c7004545) Importer(815301076,1909f56bfc062723c751e8b465ee728b)
Start importing Assets/Scripts/UI_Scripts/MainMenu1.cs using Guid(d694d10f3f49cf644becc1e1c7004545) Importer(815301076,1909f56bfc062723c751e8b465ee728b)  -> (artifact id: 'f2f3a1944bfc9fda686205b3701ac938') in 0.008205 seconds
  Import took 0.015337 seconds .

========================================================================
Received Prepare
Registering precompiled user dll's ...
Registered in 0.001196 seconds.
Begin MonoManager ReloadAssembly
Native extension for WindowsStandalone target not found
Refreshing native plugins compatible for Editor in 0.36 ms, found 1 plugins.
Preloading 0 native plugins for Editor in 0.00 ms.
Mono: successfully reloaded assembly
- Completed reload, in  0.842 seconds
Platform modules already initialized, skipping
Refreshing native plugins compatible for Editor in 0.33 ms, found 1 plugins.
Preloading 0 native plugins for Editor in 0.00 ms.
Unloading 1825 Unused Serialized files (Serialized files now loaded: 0)
System memory in use before: 162.1 MB.
System memory in use after: 162.2 MB.

Unloading 7 unused Assets to reduce memory usage. Loaded Objects now: 2419.
Total: 2.157500 ms (FindLiveObjects: 0.213400 ms CreateObjectMapping: 0.364200 ms MarkObjects: 1.562300 ms  DeleteObjects: 0.016800 ms)

AssetImportWorkerClient::OnTransportError - code=2 error=End of file
