Using pre-set license
Built from '2020.2/staging' branch; Version is '2020.2.3f1 (8ff31bc5bf5b) revision 9433883'; Using compiler version '192528614'; Build Type 'Release'
OS: 'Windows 10 Home; OS build 19042.1415; Version 2009; 64bit' Language: 'nl' Physical Memory: 16271 MB
BatchMode: 1, IsHumanControllingUs: 0, StartBugReporterOnCrash: 0, Is64bit: 1, IsPro: 0

 COMMAND LINE ARGUMENTS:
C:\Program Files\Unity\Hub\Editor\2020.2.3f1\Editor\Unity.exe
-adb2
-batchMode
-noUpm
-name
AssetImportWorker0
-projectPath
C:/Users/jorda/MA college/jaar1/periode4/github/Beroeps_Opdraght_Space/TURRET BO
-logFile
Logs/AssetImportWorker0.log
-srvPort
51759
Successfully changed project path to: C:/Users/jorda/MA college/jaar1/periode4/github/Beroeps_Opdraght_Space/TURRET BO
C:/Users/jorda/MA college/jaar1/periode4/github/Beroeps_Opdraght_Space/TURRET BO
Using Asset Import Pipeline V2.
Refreshing native plugins compatible for Editor in 39.52 ms, found 0 plugins.
Preloading 0 native plugins for Editor in 0.00 ms.
Initialize engine version: 2020.2.3f1 (8ff31bc5bf5b)
[Subsystems] Discovering subsystems at path C:/Program Files/Unity/Hub/Editor/2020.2.3f1/Editor/Data/Resources/UnitySubsystems
[Subsystems] Discovering subsystems at path C:/Users/jorda/MA college/jaar1/periode4/github/Beroeps_Opdraght_Space/TURRET BO/Assets
GfxDevice: creating device client; threaded=0
Direct3D:
    Version:  Direct3D 11.0 [level 11.1]
    Renderer: NVIDIA GeForce GTX 1050 with Max-Q Design (ID=0x1c91)
    Vendor:   
    VRAM:     2996 MB
    Driver:   27.21.14.6280
Initialize mono
Mono path[0] = 'C:/Program Files/Unity/Hub/Editor/2020.2.3f1/Editor/Data/Managed'
Mono path[1] = 'C:/Program Files/Unity/Hub/Editor/2020.2.3f1/Editor/Data/MonoBleedingEdge/lib/mono/unityjit'
Mono config path = 'C:/Program Files/Unity/Hub/Editor/2020.2.3f1/Editor/Data/MonoBleedingEdge/etc'
Using monoOptions --debugger-agent=transport=dt_socket,embedding=1,server=y,suspend=n,address=127.0.0.1:56312
Begin MonoManager ReloadAssembly
Registering precompiled unity dll's ...
Register platform support module: C:/Program Files/Unity/Hub/Editor/2020.2.3f1/Editor/Data/PlaybackEngines/WindowsStandaloneSupport/UnityEditor.WindowsStandalone.Extensions.dll
Registered in 0.003814 seconds.
Native extension for WindowsStandalone target not found
Refreshing native plugins compatible for Editor in 34.50 ms, found 0 plugins.
Preloading 0 native plugins for Editor in 0.00 ms.
Invoked RoslynAnalysisRunner static constructor.
RoslynAnalysisRunner will not be running.
RoslynAnalysisRunner has terminated.
Mono: successfully reloaded assembly
- Completed reload, in  1.707 seconds
Platform modules already initialized, skipping
Registering precompiled user dll's ...
Registered in 0.000801 seconds.
Begin MonoManager ReloadAssembly
Native extension for WindowsStandalone target not found
Refreshing native plugins compatible for Editor in 0.21 ms, found 0 plugins.
Preloading 0 native plugins for Editor in 0.00 ms.
Invoked RoslynAnalysisRunner static constructor.
RoslynAnalysisRunner will not be running.
RoslynAnalysisRunner has terminated.
Mono: successfully reloaded assembly
- Completed reload, in  0.881 seconds
Platform modules already initialized, skipping
========================================================================
Worker process is ready to serve import requests
Launched and connected shader compiler UnityShaderCompiler.exe after 0.05 seconds
Refreshing native plugins compatible for Editor in 0.22 ms, found 0 plugins.
Preloading 0 native plugins for Editor in 0.00 ms.
Unloading 1132 Unused Serialized files (Serialized files now loaded: 0)
System memory in use before: 130.5 MB.
System memory in use after: 130.6 MB.

Unloading 9 unused Assets to reduce memory usage. Loaded Objects now: 1578.
Total: 2.143200 ms (FindLiveObjects: 0.494400 ms CreateObjectMapping: 0.151400 ms MarkObjects: 1.430700 ms  DeleteObjects: 0.064400 ms)

========================================================================
Received Import Request.
  path: Assets/Prefabs/MissleUpgraded Variant.prefab
  artifactKey: Guid(f4e8faf927f40c449944c740215e07bc) Importer(815301076,1909f56bfc062723c751e8b465ee728b)
Start importing Assets/Prefabs/MissleUpgraded Variant.prefab using Guid(f4e8faf927f40c449944c740215e07bc) Importer(815301076,1909f56bfc062723c751e8b465ee728b)  -> (artifact id: '929d362811570bbc6d63608ebaf164fb') in 0.133666 seconds
  Import took 0.136913 seconds .

========================================================================
Received Import Request.
  Time since last request: 0.000936 seconds.
  path: Assets/Prefabs/Enemy.prefab
  artifactKey: Guid(c43f585bf0b803444a0e3e5d44518254) Importer(815301076,1909f56bfc062723c751e8b465ee728b)
Start importing Assets/Prefabs/Enemy.prefab using Guid(c43f585bf0b803444a0e3e5d44518254) Importer(815301076,1909f56bfc062723c751e8b465ee728b)  -> (artifact id: '9fae9d6928df8457658574afd1d8176c') in 0.026663 seconds
  Import took 0.029253 seconds .

========================================================================
Received Import Request.
  Time since last request: 0.000352 seconds.
  path: Assets/Prefabs/ground.prefab
  artifactKey: Guid(e8f3673ff082cbe47bd7be9e66537cea) Importer(815301076,1909f56bfc062723c751e8b465ee728b)
Start importing Assets/Prefabs/ground.prefab using Guid(e8f3673ff082cbe47bd7be9e66537cea) Importer(815301076,1909f56bfc062723c751e8b465ee728b)  -> (artifact id: 'a78f4f081413b5a3453ed1549a494c44') in 0.023181 seconds
  Import took 0.026401 seconds .

========================================================================
Received Import Request.
  Time since last request: 0.000675 seconds.
  path: Assets/Prefabs/Particle System 1.prefab
  artifactKey: Guid(3d3f6ea05525dde4d8971a58551d708e) Importer(815301076,1909f56bfc062723c751e8b465ee728b)
Start importing Assets/Prefabs/Particle System 1.prefab using Guid(3d3f6ea05525dde4d8971a58551d708e) Importer(815301076,1909f56bfc062723c751e8b465ee728b)  -> (artifact id: 'de0009f1c8732610364fbb5ac691642b') in 0.017026 seconds
  Import took 0.021503 seconds .

========================================================================
Received Import Request.
  Time since last request: 0.000269 seconds.
  path: Assets/Prefabs/oilpumpUpgraded Variant.prefab
  artifactKey: Guid(2efed8a85c0a04543b2f19d6f4669f0a) Importer(815301076,1909f56bfc062723c751e8b465ee728b)
Start importing Assets/Prefabs/oilpumpUpgraded Variant.prefab using Guid(2efed8a85c0a04543b2f19d6f4669f0a) Importer(815301076,1909f56bfc062723c751e8b465ee728b) The AnimationClip 'oilpump animation' used by the Animation component 'oilpumpUpgraded Variant' must be marked as Legacy.

The AnimationClip 'oilpump animation' used by the Animation component 'oilpump' must be marked as Legacy.
UnityEngine.StackTraceUtility:ExtractStackTrace ()
UnityEditor.SerializedObject:GetIterator ()
UnityEditor.Editor:CreateSerializedObject ()
UnityEditor.Editor:GetSerializedObjectInternal ()
UnityEditor.Editor:get_serializedObject ()
UnityEditor.GameObjectInspector:OnEnable ()
UnityEditor.Editor:CreateEditorWithContext (UnityEngine.Object[],UnityEngine.Object,System.Type)
UnityEditor.Editor:CreateEditor (UnityEngine.Object,System.Type)
UnityEditor.Editor:CreateEditor (UnityEngine.Object)
UnityEditor.AssetPreviewUpdater:CreatePreviewForAsset (UnityEngine.Object,UnityEngine.Object[],string)

[C:\buildslave\unity\build\Modules/Animation/Animation.cpp line 2050]

The AnimationClip 'oilpump animation' used by the Animation component 'oilpumpUpgraded Variant(Clone)' must be marked as Legacy.
UnityEngine.StackTraceUtility:ExtractStackTrace ()
UnityEditor.EditorUtility:Internal_InstantiateRemoveAllNonAnimationComponentsSingle (UnityEngine.Object,UnityEngine.Vector3,UnityEngine.Quaternion)
UnityEditor.EditorUtility:InstantiateRemoveAllNonAnimationComponents (UnityEngine.Object,UnityEngine.Vector3,UnityEngine.Quaternion)
UnityEditor.EditorUtility:InstantiateForAnimatorPreview (UnityEngine.Object)
UnityEditor.GameObjectInspector/PreviewData:UpdateGameObject (UnityEngine.Object)
UnityEditor.GameObjectInspector/PreviewData:.ctor (UnityEngine.Object)
UnityEditor.GameObjectInspector:GetPreviewData ()
UnityEditor.GameObjectInspector:RenderStaticPreview (string,UnityEngine.Object[],int,int)
UnityEditor.AssetPreviewUpdater:CreatePreviewForAsset (UnityEngine.Object,UnityEngine.Object[],string)

[C:\buildslave\unity\build\Modules/Animation/Animation.cpp line 2050]

The AnimationClip 'oilpump animation' used by the Animation component 'oilpumpUpgraded Variant(Clone)AnimatorPreview' must be marked as Legacy.
UnityEngine.StackTraceUtility:ExtractStackTrace ()
UnityEditor.EditorUtility:InitInstantiatedPreviewRecursive (UnityEngine.GameObject)
UnityEditor.EditorUtility:InstantiateForAnimatorPreview (UnityEngine.Object)
UnityEditor.GameObjectInspector/PreviewData:UpdateGameObject (UnityEngine.Object)
UnityEditor.GameObjectInspector/PreviewData:.ctor (UnityEngine.Object)
UnityEditor.GameObjectInspector:GetPreviewData ()
UnityEditor.GameObjectInspector:RenderStaticPreview (string,UnityEngine.Object[],int,int)
UnityEditor.AssetPreviewUpdater:CreatePreviewForAsset (UnityEngine.Object,UnityEngine.Object[],string)

[C:\buildslave\unity\build\Modules/Animation/Animation.cpp line 2050]

 -> (artifact id: '4f469eb2959a2d02af9aeffc465647ad') in 0.054593 seconds
  Import took 0.059417 seconds .

========================================================================
Received Import Request.
  Time since last request: 0.000264 seconds.
  path: Assets/Prefabs/oilpump.prefab
  artifactKey: Guid(37d839aae35cb4a4980911c8a17aa576) Importer(815301076,1909f56bfc062723c751e8b465ee728b)
Start importing Assets/Prefabs/oilpump.prefab using Guid(37d839aae35cb4a4980911c8a17aa576) Importer(815301076,1909f56bfc062723c751e8b465ee728b) The AnimationClip 'oilpump animation' used by the Animation component 'oilpump' must be marked as Legacy.

The AnimationClip 'oilpump animation' used by the Animation component 'oilpump(Clone)' must be marked as Legacy.
UnityEngine.StackTraceUtility:ExtractStackTrace ()
UnityEditor.EditorUtility:Internal_InstantiateRemoveAllNonAnimationComponentsSingle (UnityEngine.Object,UnityEngine.Vector3,UnityEngine.Quaternion)
UnityEditor.EditorUtility:InstantiateRemoveAllNonAnimationComponents (UnityEngine.Object,UnityEngine.Vector3,UnityEngine.Quaternion)
UnityEditor.EditorUtility:InstantiateForAnimatorPreview (UnityEngine.Object)
UnityEditor.GameObjectInspector/PreviewData:UpdateGameObject (UnityEngine.Object)
UnityEditor.GameObjectInspector/PreviewData:.ctor (UnityEngine.Object)
UnityEditor.GameObjectInspector:GetPreviewData ()
UnityEditor.GameObjectInspector:RenderStaticPreview (string,UnityEngine.Object[],int,int)
UnityEditor.AssetPreviewUpdater:CreatePreviewForAsset (UnityEngine.Object,UnityEngine.Object[],string)

[C:\buildslave\unity\build\Modules/Animation/Animation.cpp line 2050]

The AnimationClip 'oilpump animation' used by the Animation component 'oilpump(Clone)AnimatorPreview' must be marked as Legacy.
UnityEngine.StackTraceUtility:ExtractStackTrace ()
UnityEditor.EditorUtility:InitInstantiatedPreviewRecursive (UnityEngine.GameObject)
UnityEditor.EditorUtility:InstantiateForAnimatorPreview (UnityEngine.Object)
UnityEditor.GameObjectInspector/PreviewData:UpdateGameObject (UnityEngine.Object)
UnityEditor.GameObjectInspector/PreviewData:.ctor (UnityEngine.Object)
UnityEditor.GameObjectInspector:GetPreviewData ()
UnityEditor.GameObjectInspector:RenderStaticPreview (string,UnityEngine.Object[],int,int)
UnityEditor.AssetPreviewUpdater:CreatePreviewForAsset (UnityEngine.Object,UnityEngine.Object[],string)

[C:\buildslave\unity\build\Modules/Animation/Animation.cpp line 2050]

 -> (artifact id: 'a93773fa7043d4e552d4c2157afac04b') in 0.020670 seconds
  Import took 0.024456 seconds .

========================================================================
Received Import Request.
  Time since last request: 0.000297 seconds.
  path: Assets/Prefabs/LaserTurret.prefab
  artifactKey: Guid(1081c73cc248e8b4c812ea7090892ff5) Importer(815301076,1909f56bfc062723c751e8b465ee728b)
Start importing Assets/Prefabs/LaserTurret.prefab using Guid(1081c73cc248e8b4c812ea7090892ff5) Importer(815301076,1909f56bfc062723c751e8b465ee728b)  -> (artifact id: '955954288acf22fc0b93612b31a4c808') in 0.030984 seconds
  Import took 0.034396 seconds .

========================================================================
Received Import Request.
  Time since last request: 0.000286 seconds.
  path: Assets/Prefabs/turret_Upgraded Variant.prefab
  artifactKey: Guid(e6925ff8a7f47544d80513ab42c033c3) Importer(815301076,1909f56bfc062723c751e8b465ee728b)
Start importing Assets/Prefabs/turret_Upgraded Variant.prefab using Guid(e6925ff8a7f47544d80513ab42c033c3) Importer(815301076,1909f56bfc062723c751e8b465ee728b)  -> (artifact id: 'b19903040ee9d762db0c9980df419090') in 0.022220 seconds
  Import took 0.027433 seconds .

========================================================================
Received Import Request.
  Time since last request: 0.000226 seconds.
  path: Assets/Prefabs/Missle.prefab
  artifactKey: Guid(3851f4d4b45b42246888659871e4d3c3) Importer(815301076,1909f56bfc062723c751e8b465ee728b)
Start importing Assets/Prefabs/Missle.prefab using Guid(3851f4d4b45b42246888659871e4d3c3) Importer(815301076,1909f56bfc062723c751e8b465ee728b)  -> (artifact id: 'f11bb6042e8877bcb609443c8946a443') in 0.021326 seconds
  Import took 0.024341 seconds .

========================================================================
Received Import Request.
  Time since last request: 0.000267 seconds.
  path: Assets/Prefabs/Mortar.prefab
  artifactKey: Guid(32677a1b402b9a04e9d319fdfc44fadf) Importer(815301076,1909f56bfc062723c751e8b465ee728b)
Start importing Assets/Prefabs/Mortar.prefab using Guid(32677a1b402b9a04e9d319fdfc44fadf) Importer(815301076,1909f56bfc062723c751e8b465ee728b)  -> (artifact id: 'f6cf7234ffeae4a4358ca1e34dfe7906') in 0.019202 seconds
  Import took 0.024972 seconds .

========================================================================
Received Import Request.
  Time since last request: 0.000390 seconds.
  path: Assets/Prefabs/Missle.prefab
  artifactKey: Guid(3851f4d4b45b42246888659871e4d3c3) Importer(815301076,1909f56bfc062723c751e8b465ee728b)
Start importing Assets/Prefabs/Missle.prefab using Guid(3851f4d4b45b42246888659871e4d3c3) Importer(815301076,1909f56bfc062723c751e8b465ee728b)  -> (artifact id: 'f11bb6042e8877bcb609443c8946a443') in 0.014659 seconds
  Import took 0.018431 seconds .

========================================================================
Received Import Request.
  Time since last request: 0.000289 seconds.
  path: Assets/Prefabs/turret.prefab
  artifactKey: Guid(5f8ca2a8f0b28bb49ab6104c70f020a3) Importer(815301076,1909f56bfc062723c751e8b465ee728b)
Start importing Assets/Prefabs/turret.prefab using Guid(5f8ca2a8f0b28bb49ab6104c70f020a3) Importer(815301076,1909f56bfc062723c751e8b465ee728b)  -> (artifact id: '16a8e7bed2b31ab22fd41c36209615d8') in 0.017881 seconds
  Import took 0.021978 seconds .

========================================================================
Received Import Request.
  Time since last request: 58.963439 seconds.
  path: Assets/Prefabs/Bullet.prefab
  artifactKey: Guid(0bce170b16722684da0fb64d8b781e87) Importer(815301076,1909f56bfc062723c751e8b465ee728b)
Start importing Assets/Prefabs/Bullet.prefab using Guid(0bce170b16722684da0fb64d8b781e87) Importer(815301076,1909f56bfc062723c751e8b465ee728b)  -> (artifact id: '5a4924da9add7888153f5e1f05b1baa6') in 0.017365 seconds
  Import took 0.019523 seconds .

========================================================================
Received Import Request.
  Time since last request: 0.000276 seconds.
  path: Assets/Prefabs/Bullet_upgraded Variant.prefab
  artifactKey: Guid(0969f655c183af94aafd338a8ba14f3e) Importer(815301076,1909f56bfc062723c751e8b465ee728b)
Start importing Assets/Prefabs/Bullet_upgraded Variant.prefab using Guid(0969f655c183af94aafd338a8ba14f3e) Importer(815301076,1909f56bfc062723c751e8b465ee728b)  -> (artifact id: '6c940371e9394e0adf4e93f5b25b1ea1') in 0.016515 seconds
  Import took 0.021018 seconds .

========================================================================
Received Import Request.
  Time since last request: 14.449177 seconds.
  path: Assets/Prefabs/Barrle gun Upgraded Variant.prefab
  artifactKey: Guid(daa2102ca98f23a4991062bbffa327c9) Importer(815301076,1909f56bfc062723c751e8b465ee728b)
Start importing Assets/Prefabs/Barrle gun Upgraded Variant.prefab using Guid(daa2102ca98f23a4991062bbffa327c9) Importer(815301076,1909f56bfc062723c751e8b465ee728b)  -> (artifact id: '5193b53b563ca748cfc5ffb0adf009c6') in 0.016061 seconds
  Import took 0.019680 seconds .

========================================================================
Received Import Request.
  Time since last request: 0.000351 seconds.
  path: Assets/Prefabs/BodyRocketTurretUpgraded Variant.prefab
  artifactKey: Guid(01abaec121b51e64abdfa4414e363e7a) Importer(815301076,1909f56bfc062723c751e8b465ee728b)
Start importing Assets/Prefabs/BodyRocketTurretUpgraded Variant.prefab using Guid(01abaec121b51e64abdfa4414e363e7a) Importer(815301076,1909f56bfc062723c751e8b465ee728b)  -> (artifact id: '6b9bd9ba3dbbd5c82193776d691c1754') in 0.020949 seconds
  Import took 0.024436 seconds .

========================================================================
Received Import Request.
  Time since last request: 0.000382 seconds.
  path: Assets/Prefabs/BodyRocketTurret.prefab
  artifactKey: Guid(cb87a2d2e4e9272498a5740796d8fd6e) Importer(815301076,1909f56bfc062723c751e8b465ee728b)
Start importing Assets/Prefabs/BodyRocketTurret.prefab using Guid(cb87a2d2e4e9272498a5740796d8fd6e) Importer(815301076,1909f56bfc062723c751e8b465ee728b)  -> (artifact id: 'c96e9a4a51e1f5f42f751b706ad499cb') in 0.019220 seconds
  Import took 0.022701 seconds .

========================================================================
Received Import Request.
  Time since last request: 0.000398 seconds.
  path: Assets/Prefabs/Barrle gun.prefab
  artifactKey: Guid(19856cce6308cef45bd5e91040316316) Importer(815301076,1909f56bfc062723c751e8b465ee728b)
Start importing Assets/Prefabs/Barrle gun.prefab using Guid(19856cce6308cef45bd5e91040316316) Importer(815301076,1909f56bfc062723c751e8b465ee728b)  -> (artifact id: '951d2fee7fb5c06888213d2caa5dbd64') in 0.025539 seconds
  Import took 0.030917 seconds .

========================================================================
Received Import Request.
  Time since last request: 0.000390 seconds.
  path: Assets/Prefabs/barrleBullet Variant.prefab
  artifactKey: Guid(b4db717e4e96f6f4b90cd153cb93ff6d) Importer(815301076,1909f56bfc062723c751e8b465ee728b)
Start importing Assets/Prefabs/barrleBullet Variant.prefab using Guid(b4db717e4e96f6f4b90cd153cb93ff6d) Importer(815301076,1909f56bfc062723c751e8b465ee728b)  -> (artifact id: '3c5f286ada3ce333d87ac66c522fa584') in 0.019846 seconds
  Import took 0.023443 seconds .

========================================================================
Received Import Request.
  Time since last request: 20.754815 seconds.
  path: Assets/Prefabs/Mortar.prefab
  artifactKey: Guid(32677a1b402b9a04e9d319fdfc44fadf) Importer(815301076,1909f56bfc062723c751e8b465ee728b)
Start importing Assets/Prefabs/Mortar.prefab using Guid(32677a1b402b9a04e9d319fdfc44fadf) Importer(815301076,1909f56bfc062723c751e8b465ee728b)  -> (artifact id: 'fa7669e2540cf83f614a989434951894') in 0.010877 seconds
  Import took 0.016001 seconds .

========================================================================
Received Prepare
Registering precompiled user dll's ...
Registered in 0.000633 seconds.
Begin MonoManager ReloadAssembly
Native extension for WindowsStandalone target not found
Refreshing native plugins compatible for Editor in 0.29 ms, found 0 plugins.
Preloading 0 native plugins for Editor in 0.00 ms.
Invoked RoslynAnalysisRunner static constructor.
RoslynAnalysisRunner will not be running.
RoslynAnalysisRunner has terminated.
Mono: successfully reloaded assembly
- Completed reload, in  1.007 seconds
Platform modules already initialized, skipping
Refreshing native plugins compatible for Editor in 0.24 ms, found 0 plugins.
Preloading 0 native plugins for Editor in 0.00 ms.
Unloading 1112 Unused Serialized files (Serialized files now loaded: 0)
System memory in use before: 132.8 MB.
System memory in use after: 132.9 MB.

Unloading 6 unused Assets to reduce memory usage. Loaded Objects now: 1590.
Total: 2.464900 ms (FindLiveObjects: 0.197300 ms CreateObjectMapping: 0.081400 ms MarkObjects: 2.128000 ms  DeleteObjects: 0.056800 ms)

========================================================================
Received Prepare
Registering precompiled user dll's ...
Registered in 0.000707 seconds.
Begin MonoManager ReloadAssembly
Native extension for WindowsStandalone target not found
Refreshing native plugins compatible for Editor in 0.43 ms, found 0 plugins.
Preloading 0 native plugins for Editor in 0.00 ms.
Invoked RoslynAnalysisRunner static constructor.
RoslynAnalysisRunner will not be running.
RoslynAnalysisRunner has terminated.
Mono: successfully reloaded assembly
- Completed reload, in  0.838 seconds
Platform modules already initialized, skipping
Refreshing native plugins compatible for Editor in 0.23 ms, found 0 plugins.
Preloading 0 native plugins for Editor in 0.00 ms.
Unloading 1112 Unused Serialized files (Serialized files now loaded: 0)
System memory in use before: 132.8 MB.
System memory in use after: 132.9 MB.

Unloading 4 unused Assets to reduce memory usage. Loaded Objects now: 1592.
Total: 2.537400 ms (FindLiveObjects: 0.679300 ms CreateObjectMapping: 0.242000 ms MarkObjects: 1.590100 ms  DeleteObjects: 0.022800 ms)

========================================================================
Received Prepare
Registering precompiled user dll's ...
Registered in 0.000511 seconds.
Begin MonoManager ReloadAssembly
Native extension for WindowsStandalone target not found
Refreshing native plugins compatible for Editor in 0.20 ms, found 0 plugins.
Preloading 0 native plugins for Editor in 0.00 ms.
Invoked RoslynAnalysisRunner static constructor.
RoslynAnalysisRunner will not be running.
RoslynAnalysisRunner has terminated.
Mono: successfully reloaded assembly
- Completed reload, in  0.936 seconds
Platform modules already initialized, skipping
Refreshing native plugins compatible for Editor in 0.24 ms, found 0 plugins.
Preloading 0 native plugins for Editor in 0.00 ms.
Unloading 1112 Unused Serialized files (Serialized files now loaded: 0)
System memory in use before: 132.8 MB.
System memory in use after: 132.9 MB.

Unloading 4 unused Assets to reduce memory usage. Loaded Objects now: 1594.
Total: 2.233500 ms (FindLiveObjects: 0.338200 ms CreateObjectMapping: 0.118900 ms MarkObjects: 1.763200 ms  DeleteObjects: 0.012400 ms)

========================================================================
Received Prepare
Registering precompiled user dll's ...
Registered in 0.000928 seconds.
Begin MonoManager ReloadAssembly
Native extension for WindowsStandalone target not found
Refreshing native plugins compatible for Editor in 0.22 ms, found 0 plugins.
Preloading 0 native plugins for Editor in 0.00 ms.
Invoked RoslynAnalysisRunner static constructor.
RoslynAnalysisRunner will not be running.
RoslynAnalysisRunner has terminated.
Mono: successfully reloaded assembly
- Completed reload, in  1.101 seconds
Platform modules already initialized, skipping
Refreshing native plugins compatible for Editor in 0.24 ms, found 0 plugins.
Preloading 0 native plugins for Editor in 0.00 ms.
Unloading 1112 Unused Serialized files (Serialized files now loaded: 0)
System memory in use before: 132.8 MB.
System memory in use after: 132.9 MB.

Unloading 4 unused Assets to reduce memory usage. Loaded Objects now: 1596.
Total: 1.969500 ms (FindLiveObjects: 0.194900 ms CreateObjectMapping: 0.059400 ms MarkObjects: 1.692900 ms  DeleteObjects: 0.019500 ms)

========================================================================
Received Prepare
Registering precompiled user dll's ...
Registered in 0.000654 seconds.
Begin MonoManager ReloadAssembly
Native extension for WindowsStandalone target not found
Refreshing native plugins compatible for Editor in 0.22 ms, found 0 plugins.
Preloading 0 native plugins for Editor in 0.00 ms.
Invoked RoslynAnalysisRunner static constructor.
RoslynAnalysisRunner will not be running.
RoslynAnalysisRunner has terminated.
Mono: successfully reloaded assembly
- Completed reload, in  0.835 seconds
Platform modules already initialized, skipping
Refreshing native plugins compatible for Editor in 0.24 ms, found 0 plugins.
Preloading 0 native plugins for Editor in 0.00 ms.
Unloading 1112 Unused Serialized files (Serialized files now loaded: 0)
System memory in use before: 132.8 MB.
System memory in use after: 132.9 MB.

Unloading 4 unused Assets to reduce memory usage. Loaded Objects now: 1598.
Total: 1.944300 ms (FindLiveObjects: 0.250000 ms CreateObjectMapping: 0.066800 ms MarkObjects: 1.614100 ms  DeleteObjects: 0.012400 ms)

========================================================================
Received Prepare
Registering precompiled user dll's ...
Registered in 0.000802 seconds.
Begin MonoManager ReloadAssembly
Native extension for WindowsStandalone target not found
Refreshing native plugins compatible for Editor in 0.24 ms, found 0 plugins.
Preloading 0 native plugins for Editor in 0.00 ms.
Invoked RoslynAnalysisRunner static constructor.
RoslynAnalysisRunner will not be running.
RoslynAnalysisRunner has terminated.
Mono: successfully reloaded assembly
- Completed reload, in  0.866 seconds
Platform modules already initialized, skipping
Refreshing native plugins compatible for Editor in 0.34 ms, found 0 plugins.
Preloading 0 native plugins for Editor in 0.00 ms.
Unloading 1112 Unused Serialized files (Serialized files now loaded: 0)
System memory in use before: 132.8 MB.
System memory in use after: 132.9 MB.

Unloading 4 unused Assets to reduce memory usage. Loaded Objects now: 1600.
Total: 2.210300 ms (FindLiveObjects: 0.376000 ms CreateObjectMapping: 0.134000 ms MarkObjects: 1.642400 ms  DeleteObjects: 0.056600 ms)

========================================================================
Received Prepare
Registering precompiled user dll's ...
Registered in 0.094383 seconds.
Begin MonoManager ReloadAssembly
Native extension for WindowsStandalone target not found
Refreshing native plugins compatible for Editor in 0.21 ms, found 0 plugins.
Preloading 0 native plugins for Editor in 0.00 ms.
Invoked RoslynAnalysisRunner static constructor.
RoslynAnalysisRunner will not be running.
RoslynAnalysisRunner has terminated.
Mono: successfully reloaded assembly
- Completed reload, in  5.029 seconds
Platform modules already initialized, skipping
Refreshing native plugins compatible for Editor in 0.24 ms, found 0 plugins.
Preloading 0 native plugins for Editor in 0.00 ms.
Unloading 1112 Unused Serialized files (Serialized files now loaded: 0)
System memory in use before: 132.8 MB.
System memory in use after: 132.9 MB.

Unloading 4 unused Assets to reduce memory usage. Loaded Objects now: 1602.
Total: 2.483100 ms (FindLiveObjects: 0.156300 ms CreateObjectMapping: 0.041400 ms MarkObjects: 2.264700 ms  DeleteObjects: 0.019500 ms)

AssetImportWorkerClient::OnTransportError - code=2 error=End of file
