Using pre-set license
Built from '2020.2/staging' branch; Version is '2020.2.3f1 (8ff31bc5bf5b) revision 9433883'; Using compiler version '192528614'; Build Type 'Release'
OS: 'Windows 10 Home; OS build 19042.1052; Version 2009; 64bit' Language: 'nl' Physical Memory: 16271 MB
BatchMode: 1, IsHumanControllingUs: 0, StartBugReporterOnCrash: 0, Is64bit: 1, IsPro: 0

 COMMAND LINE ARGUMENTS:
C:\Program Files\Unity\Hub\Editor\2020.2.3f1\Editor\Unity.exe
-adb2
-batchMode
-noUpm
-name
AssetImportWorker1
-projectPath
C:/Users/jorda/MA/jaar1/periode3/BO/unity/TURRET BO
-logFile
Logs/AssetImportWorker1.log
-srvPort
61625
Successfully changed project path to: C:/Users/jorda/MA/jaar1/periode3/BO/unity/TURRET BO
C:/Users/jorda/MA/jaar1/periode3/BO/unity/TURRET BO
Using Asset Import Pipeline V2.
Refreshing native plugins compatible for Editor in 53.88 ms, found 0 plugins.
Preloading 0 native plugins for Editor in 0.00 ms.
Initialize engine version: 2020.2.3f1 (8ff31bc5bf5b)
[Subsystems] Discovering subsystems at path C:/Program Files/Unity/Hub/Editor/2020.2.3f1/Editor/Data/Resources/UnitySubsystems
[Subsystems] Discovering subsystems at path C:/Users/jorda/MA/jaar1/periode3/BO/unity/TURRET BO/Assets
GfxDevice: creating device client; threaded=0
Direct3D:
    Version:  Direct3D 11.0 [level 11.1]
    Renderer: NVIDIA GeForce GTX 1050 with Max-Q Design (ID=0x1c91)
    Vendor:   
    VRAM:     2996 MB
    Driver:   27.21.14.6230
Initialize mono
Mono path[0] = 'C:/Program Files/Unity/Hub/Editor/2020.2.3f1/Editor/Data/Managed'
Mono path[1] = 'C:/Program Files/Unity/Hub/Editor/2020.2.3f1/Editor/Data/MonoBleedingEdge/lib/mono/unityjit'
Mono config path = 'C:/Program Files/Unity/Hub/Editor/2020.2.3f1/Editor/Data/MonoBleedingEdge/etc'
Using monoOptions --debugger-agent=transport=dt_socket,embedding=1,server=y,suspend=n,address=127.0.0.1:56472
Begin MonoManager ReloadAssembly
Registering precompiled unity dll's ...
Register platform support module: C:/Program Files/Unity/Hub/Editor/2020.2.3f1/Editor/Data/PlaybackEngines/WindowsStandaloneSupport/UnityEditor.WindowsStandalone.Extensions.dll
Registered in 0.002594 seconds.
Native extension for WindowsStandalone target not found
Refreshing native plugins compatible for Editor in 47.73 ms, found 0 plugins.
Preloading 0 native plugins for Editor in 0.00 ms.
Invoked RoslynAnalysisRunner static constructor.
RoslynAnalysisRunner will not be running.
RoslynAnalysisRunner has terminated.
Mono: successfully reloaded assembly
- Completed reload, in  5.715 seconds
Platform modules already initialized, skipping
Registering precompiled user dll's ...
Registered in 0.000802 seconds.
Begin MonoManager ReloadAssembly
Native extension for WindowsStandalone target not found
Refreshing native plugins compatible for Editor in 0.24 ms, found 0 plugins.
Preloading 0 native plugins for Editor in 0.00 ms.
Invoked RoslynAnalysisRunner static constructor.
RoslynAnalysisRunner will not be running.
RoslynAnalysisRunner has terminated.
Mono: successfully reloaded assembly
- Completed reload, in  1.803 seconds
Platform modules already initialized, skipping
========================================================================
Worker process is ready to serve import requests
Launched and connected shader compiler UnityShaderCompiler.exe after 0.23 seconds
Refreshing native plugins compatible for Editor in 0.25 ms, found 0 plugins.
Preloading 0 native plugins for Editor in 0.00 ms.
Unloading 1107 Unused Serialized files (Serialized files now loaded: 0)
System memory in use before: 128.2 MB.
System memory in use after: 128.2 MB.

Unloading 10 unused Assets to reduce memory usage. Loaded Objects now: 1554.
Total: 2.177300 ms (FindLiveObjects: 0.243100 ms CreateObjectMapping: 0.097500 ms MarkObjects: 1.743900 ms  DeleteObjects: 0.091400 ms)

========================================================================
Received Import Request.
  path: Assets/material/LaserImpact.mat
  artifactKey: Guid(76839017736ba7042bcd17e3f2af0313) Importer(815301076,1909f56bfc062723c751e8b465ee728b)
Start importing Assets/material/LaserImpact.mat using Guid(76839017736ba7042bcd17e3f2af0313) Importer(815301076,1909f56bfc062723c751e8b465ee728b)  -> (artifact id: '715d3daee6cea2d987940fced9e413df') in 0.270191 seconds
  Import took 0.279552 seconds .

========================================================================
Received Import Request.
  Time since last request: 134.495933 seconds.
  path: Assets/material/LaserImpact.mat
  artifactKey: Guid(76839017736ba7042bcd17e3f2af0313) Importer(815301076,1909f56bfc062723c751e8b465ee728b)
Start importing Assets/material/LaserImpact.mat using Guid(76839017736ba7042bcd17e3f2af0313) Importer(815301076,1909f56bfc062723c751e8b465ee728b)  -> (artifact id: '873fb96667bfc909932c497dfa325e7d') in 0.041956 seconds
  Import took 0.053102 seconds .

========================================================================
Received Import Request.
  Time since last request: 2357.752475 seconds.
  path: Assets/Prefabs/bullet impact effect.prefab
  artifactKey: Guid(66f509ee2bf101d41a148e1ccaf0f906) Importer(815301076,1909f56bfc062723c751e8b465ee728b)
Start importing Assets/Prefabs/bullet impact effect.prefab using Guid(66f509ee2bf101d41a148e1ccaf0f906) Importer(815301076,1909f56bfc062723c751e8b465ee728b)  -> (artifact id: '0dab679180827d4e3e29949e8122c1d3') in 0.086162 seconds
  Import took 0.094415 seconds .

========================================================================
Received Prepare
Registering precompiled user dll's ...
Registered in 0.000738 seconds.
Begin MonoManager ReloadAssembly
Native extension for WindowsStandalone target not found
Refreshing native plugins compatible for Editor in 0.57 ms, found 0 plugins.
Preloading 0 native plugins for Editor in 0.00 ms.
Invoked RoslynAnalysisRunner static constructor.
RoslynAnalysisRunner will not be running.
RoslynAnalysisRunner has terminated.
Mono: successfully reloaded assembly
- Completed reload, in  2.011 seconds
Platform modules already initialized, skipping
Refreshing native plugins compatible for Editor in 0.55 ms, found 0 plugins.
Preloading 0 native plugins for Editor in 0.00 ms.
Unloading 1102 Unused Serialized files (Serialized files now loaded: 0)
System memory in use before: 131.4 MB.
System memory in use after: 131.5 MB.

Unloading 5 unused Assets to reduce memory usage. Loaded Objects now: 1596.
Total: 4.562800 ms (FindLiveObjects: 0.482800 ms CreateObjectMapping: 0.271200 ms MarkObjects: 3.677500 ms  DeleteObjects: 0.128000 ms)

========================================================================
Received Import Request.
  Time since last request: 132.724490 seconds.
  path: Assets/Prefabs/bullet impact effect.prefab
  artifactKey: Guid(66f509ee2bf101d41a148e1ccaf0f906) Importer(815301076,1909f56bfc062723c751e8b465ee728b)
Start importing Assets/Prefabs/bullet impact effect.prefab using Guid(66f509ee2bf101d41a148e1ccaf0f906) Importer(815301076,1909f56bfc062723c751e8b465ee728b)  -> (artifact id: 'd1ab24c76e38129e539b899e58f25ddb') in 0.068051 seconds
  Import took 0.074184 seconds .

========================================================================
Received Prepare
Registering precompiled user dll's ...
Registered in 0.001148 seconds.
Begin MonoManager ReloadAssembly
Native extension for WindowsStandalone target not found
Refreshing native plugins compatible for Editor in 0.27 ms, found 0 plugins.
Preloading 0 native plugins for Editor in 0.00 ms.
Invoked RoslynAnalysisRunner static constructor.
RoslynAnalysisRunner will not be running.
RoslynAnalysisRunner has terminated.
Mono: successfully reloaded assembly
- Completed reload, in  1.315 seconds
Platform modules already initialized, skipping
Refreshing native plugins compatible for Editor in 0.34 ms, found 0 plugins.
Preloading 0 native plugins for Editor in 0.00 ms.
Unloading 1102 Unused Serialized files (Serialized files now loaded: 0)
System memory in use before: 131.5 MB.
System memory in use after: 131.6 MB.

Unloading 5 unused Assets to reduce memory usage. Loaded Objects now: 1598.
Total: 3.962900 ms (FindLiveObjects: 0.408200 ms CreateObjectMapping: 0.104200 ms MarkObjects: 3.330500 ms  DeleteObjects: 0.115000 ms)

========================================================================
Received Import Request.
  Time since last request: 5024.649906 seconds.
  path: Assets/Prefabs/bullet impact effect.prefab
  artifactKey: Guid(66f509ee2bf101d41a148e1ccaf0f906) Importer(815301076,1909f56bfc062723c751e8b465ee728b)
Start importing Assets/Prefabs/bullet impact effect.prefab using Guid(66f509ee2bf101d41a148e1ccaf0f906) Importer(815301076,1909f56bfc062723c751e8b465ee728b)  -> (artifact id: '4665ce438c048a970b269335d2a2d74b') in 0.058745 seconds
  Import took 0.063429 seconds .

========================================================================
Received Import Request.
  Time since last request: 0.003642 seconds.
  path: Assets/Prefabs/bullet impact effect.prefab
  artifactKey: Guid(66f509ee2bf101d41a148e1ccaf0f906) Importer(815301076,1909f56bfc062723c751e8b465ee728b)
Start importing Assets/Prefabs/bullet impact effect.prefab using Guid(66f509ee2bf101d41a148e1ccaf0f906) Importer(815301076,1909f56bfc062723c751e8b465ee728b)  -> (artifact id: '4665ce438c048a970b269335d2a2d74b') in 0.007853 seconds
  Import took 0.011787 seconds .

========================================================================
Received Import Request.
  Time since last request: 9.615127 seconds.
  path: Assets/Prefabs/Bullet.prefab
  artifactKey: Guid(0bce170b16722684da0fb64d8b781e87) Importer(815301076,1909f56bfc062723c751e8b465ee728b)
Start importing Assets/Prefabs/Bullet.prefab using Guid(0bce170b16722684da0fb64d8b781e87) Importer(815301076,1909f56bfc062723c751e8b465ee728b)  -> (artifact id: '56df4a9e6481d476b9fa2746a3ef8218') in 0.112011 seconds
  Import took 0.115736 seconds .

========================================================================
Received Prepare
Registering precompiled user dll's ...
Registered in 0.000745 seconds.
Begin MonoManager ReloadAssembly
Native extension for WindowsStandalone target not found
Refreshing native plugins compatible for Editor in 0.32 ms, found 0 plugins.
Preloading 0 native plugins for Editor in 0.00 ms.
Invoked RoslynAnalysisRunner static constructor.
RoslynAnalysisRunner will not be running.
RoslynAnalysisRunner has terminated.
Mono: successfully reloaded assembly
- Completed reload, in  1.076 seconds
Platform modules already initialized, skipping
Refreshing native plugins compatible for Editor in 0.22 ms, found 0 plugins.
Preloading 0 native plugins for Editor in 0.00 ms.
Unloading 1102 Unused Serialized files (Serialized files now loaded: 0)
System memory in use before: 131.6 MB.
System memory in use after: 131.7 MB.

Unloading 5 unused Assets to reduce memory usage. Loaded Objects now: 1603.
Total: 1.802100 ms (FindLiveObjects: 0.145000 ms CreateObjectMapping: 0.041900 ms MarkObjects: 1.562000 ms  DeleteObjects: 0.051800 ms)

========================================================================
Received Prepare
Registering precompiled user dll's ...
Registered in 0.000605 seconds.
Begin MonoManager ReloadAssembly
Native extension for WindowsStandalone target not found
Refreshing native plugins compatible for Editor in 0.23 ms, found 0 plugins.
Preloading 0 native plugins for Editor in 0.00 ms.
Invoked RoslynAnalysisRunner static constructor.
RoslynAnalysisRunner will not be running.
RoslynAnalysisRunner has terminated.
Mono: successfully reloaded assembly
- Completed reload, in  0.765 seconds
Platform modules already initialized, skipping
Refreshing native plugins compatible for Editor in 0.30 ms, found 0 plugins.
Preloading 0 native plugins for Editor in 0.00 ms.
Unloading 1102 Unused Serialized files (Serialized files now loaded: 0)
System memory in use before: 131.6 MB.
System memory in use after: 131.7 MB.

Unloading 5 unused Assets to reduce memory usage. Loaded Objects now: 1605.
Total: 2.067100 ms (FindLiveObjects: 0.193400 ms CreateObjectMapping: 0.046000 ms MarkObjects: 1.731600 ms  DeleteObjects: 0.094700 ms)

========================================================================
Received Import Request.
  Time since last request: 160.761754 seconds.
  path: Assets/Prefabs/bullet impact effect.prefab
  artifactKey: Guid(66f509ee2bf101d41a148e1ccaf0f906) Importer(815301076,1909f56bfc062723c751e8b465ee728b)
Start importing Assets/Prefabs/bullet impact effect.prefab using Guid(66f509ee2bf101d41a148e1ccaf0f906) Importer(815301076,1909f56bfc062723c751e8b465ee728b)  -> (artifact id: 'd6b073dc8e8f0ee41690a19015fbb7a6') in 0.026185 seconds
  Import took 0.030566 seconds .

========================================================================
Received Import Request.
  Time since last request: 2.366118 seconds.
  path: Assets/Prefabs/bullet impact effect.prefab
  artifactKey: Guid(66f509ee2bf101d41a148e1ccaf0f906) Importer(815301076,1909f56bfc062723c751e8b465ee728b)
Start importing Assets/Prefabs/bullet impact effect.prefab using Guid(66f509ee2bf101d41a148e1ccaf0f906) Importer(815301076,1909f56bfc062723c751e8b465ee728b)  -> (artifact id: '78567645950c009cb772a1ef06bf576b') in 0.006871 seconds
  Import took 0.011009 seconds .

========================================================================
Received Import Request.
  Time since last request: 0.012521 seconds.
  path: Assets/Prefabs/bullet impact effect.prefab
  artifactKey: Guid(66f509ee2bf101d41a148e1ccaf0f906) Importer(815301076,1909f56bfc062723c751e8b465ee728b)
Start importing Assets/Prefabs/bullet impact effect.prefab using Guid(66f509ee2bf101d41a148e1ccaf0f906) Importer(815301076,1909f56bfc062723c751e8b465ee728b)  -> (artifact id: '78567645950c009cb772a1ef06bf576b') in 0.006760 seconds
  Import took 0.009907 seconds .

========================================================================
Received Prepare
Registering precompiled user dll's ...
Registered in 0.000720 seconds.
Begin MonoManager ReloadAssembly
Native extension for WindowsStandalone target not found
Refreshing native plugins compatible for Editor in 0.39 ms, found 0 plugins.
Preloading 0 native plugins for Editor in 0.00 ms.
Invoked RoslynAnalysisRunner static constructor.
RoslynAnalysisRunner will not be running.
RoslynAnalysisRunner has terminated.
Mono: successfully reloaded assembly
- Completed reload, in  0.790 seconds
Platform modules already initialized, skipping
Refreshing native plugins compatible for Editor in 0.22 ms, found 0 plugins.
Preloading 0 native plugins for Editor in 0.00 ms.
Unloading 1102 Unused Serialized files (Serialized files now loaded: 0)
System memory in use before: 131.6 MB.
System memory in use after: 131.7 MB.

Unloading 5 unused Assets to reduce memory usage. Loaded Objects now: 1607.
Total: 1.955500 ms (FindLiveObjects: 0.330900 ms CreateObjectMapping: 0.108100 ms MarkObjects: 1.425700 ms  DeleteObjects: 0.089100 ms)

========================================================================
Received Import Request.
  Time since last request: 89.738305 seconds.
  path: Assets/Prefabs/bullet impact effect.prefab
  artifactKey: Guid(66f509ee2bf101d41a148e1ccaf0f906) Importer(815301076,1909f56bfc062723c751e8b465ee728b)
Start importing Assets/Prefabs/bullet impact effect.prefab using Guid(66f509ee2bf101d41a148e1ccaf0f906) Importer(815301076,1909f56bfc062723c751e8b465ee728b)  -> (artifact id: 'fd7c91f34b73abb6731f11c5d2d20964') in 0.027216 seconds
  Import took 0.031929 seconds .

========================================================================
Received Prepare
Registering precompiled user dll's ...
Registered in 0.000991 seconds.
Begin MonoManager ReloadAssembly
Native extension for WindowsStandalone target not found
Refreshing native plugins compatible for Editor in 0.37 ms, found 0 plugins.
Preloading 0 native plugins for Editor in 0.00 ms.
Invoked RoslynAnalysisRunner static constructor.
RoslynAnalysisRunner will not be running.
RoslynAnalysisRunner has terminated.
Mono: successfully reloaded assembly
- Completed reload, in  1.035 seconds
Platform modules already initialized, skipping
Refreshing native plugins compatible for Editor in 0.34 ms, found 0 plugins.
Preloading 0 native plugins for Editor in 0.00 ms.
Unloading 1102 Unused Serialized files (Serialized files now loaded: 0)
System memory in use before: 131.6 MB.
System memory in use after: 131.7 MB.

Unloading 5 unused Assets to reduce memory usage. Loaded Objects now: 1609.
Total: 2.726900 ms (FindLiveObjects: 0.208700 ms CreateObjectMapping: 0.048800 ms MarkObjects: 2.416600 ms  DeleteObjects: 0.049600 ms)

========================================================================
Received Import Request.
  Time since last request: 4.481142 seconds.
  path: Assets/Prefabs/bullet impact effect.prefab
  artifactKey: Guid(66f509ee2bf101d41a148e1ccaf0f906) Importer(815301076,1909f56bfc062723c751e8b465ee728b)
Start importing Assets/Prefabs/bullet impact effect.prefab using Guid(66f509ee2bf101d41a148e1ccaf0f906) Importer(815301076,1909f56bfc062723c751e8b465ee728b)  -> (artifact id: '80659ee8889be2211ebd1b3a1881b1ce') in 0.040963 seconds
  Import took 0.045152 seconds .

========================================================================
Received Import Request.
  Time since last request: 19.742718 seconds.
  path: Assets/Prefabs/bullet impact effect.prefab
  artifactKey: Guid(66f509ee2bf101d41a148e1ccaf0f906) Importer(815301076,1909f56bfc062723c751e8b465ee728b)
Start importing Assets/Prefabs/bullet impact effect.prefab using Guid(66f509ee2bf101d41a148e1ccaf0f906) Importer(815301076,1909f56bfc062723c751e8b465ee728b)  -> (artifact id: '47fdae72c8edd4ec0276170468fccd81') in 0.004577 seconds
  Import took 0.007440 seconds .

========================================================================
Received Import Request.
  Time since last request: 0.018777 seconds.
  path: Assets/Prefabs/bullet impact effect.prefab
  artifactKey: Guid(66f509ee2bf101d41a148e1ccaf0f906) Importer(815301076,1909f56bfc062723c751e8b465ee728b)
Start importing Assets/Prefabs/bullet impact effect.prefab using Guid(66f509ee2bf101d41a148e1ccaf0f906) Importer(815301076,1909f56bfc062723c751e8b465ee728b)  -> (artifact id: '47fdae72c8edd4ec0276170468fccd81') in 0.008440 seconds
  Import took 0.011228 seconds .

========================================================================
Received Import Request.
  Time since last request: 9.927456 seconds.
  path: Assets/Prefabs/bullet impact effect.prefab
  artifactKey: Guid(66f509ee2bf101d41a148e1ccaf0f906) Importer(815301076,1909f56bfc062723c751e8b465ee728b)
Start importing Assets/Prefabs/bullet impact effect.prefab using Guid(66f509ee2bf101d41a148e1ccaf0f906) Importer(815301076,1909f56bfc062723c751e8b465ee728b)  -> (artifact id: 'ffdd44e05da70fdc4031b07790fb0fc9') in 0.008844 seconds
  Import took 0.012929 seconds .

========================================================================
Received Import Request.
  Time since last request: 0.013813 seconds.
  path: Assets/Prefabs/bullet impact effect.prefab
  artifactKey: Guid(66f509ee2bf101d41a148e1ccaf0f906) Importer(815301076,1909f56bfc062723c751e8b465ee728b)
Start importing Assets/Prefabs/bullet impact effect.prefab using Guid(66f509ee2bf101d41a148e1ccaf0f906) Importer(815301076,1909f56bfc062723c751e8b465ee728b)  -> (artifact id: 'ffdd44e05da70fdc4031b07790fb0fc9') in 0.009035 seconds
  Import took 0.012747 seconds .

========================================================================
Received Prepare
Registering precompiled user dll's ...
Registered in 0.000652 seconds.
Begin MonoManager ReloadAssembly
Native extension for WindowsStandalone target not found
Refreshing native plugins compatible for Editor in 0.27 ms, found 0 plugins.
Preloading 0 native plugins for Editor in 0.00 ms.
Invoked RoslynAnalysisRunner static constructor.
RoslynAnalysisRunner will not be running.
RoslynAnalysisRunner has terminated.
Mono: successfully reloaded assembly
- Completed reload, in  1.049 seconds
Platform modules already initialized, skipping
Refreshing native plugins compatible for Editor in 0.42 ms, found 0 plugins.
Preloading 0 native plugins for Editor in 0.00 ms.
Unloading 1102 Unused Serialized files (Serialized files now loaded: 0)
System memory in use before: 131.6 MB.
System memory in use after: 131.7 MB.

Unloading 5 unused Assets to reduce memory usage. Loaded Objects now: 1611.
Total: 2.905200 ms (FindLiveObjects: 0.280700 ms CreateObjectMapping: 0.060400 ms MarkObjects: 2.487300 ms  DeleteObjects: 0.074700 ms)

========================================================================
Received Import Request.
  Time since last request: 48.880528 seconds.
  path: Assets/Prefabs/bullet impact effect.prefab
  artifactKey: Guid(66f509ee2bf101d41a148e1ccaf0f906) Importer(815301076,1909f56bfc062723c751e8b465ee728b)
Start importing Assets/Prefabs/bullet impact effect.prefab using Guid(66f509ee2bf101d41a148e1ccaf0f906) Importer(815301076,1909f56bfc062723c751e8b465ee728b)  -> (artifact id: '4d8faf66e008747d0752070641873bf7') in 0.039736 seconds
  Import took 0.045109 seconds .

========================================================================
Received Import Request.
  Time since last request: 26.479891 seconds.
  path: Assets/Prefabs/bullet impact effect.prefab
  artifactKey: Guid(66f509ee2bf101d41a148e1ccaf0f906) Importer(815301076,1909f56bfc062723c751e8b465ee728b)
Start importing Assets/Prefabs/bullet impact effect.prefab using Guid(66f509ee2bf101d41a148e1ccaf0f906) Importer(815301076,1909f56bfc062723c751e8b465ee728b)  -> (artifact id: '8e24bc4b8f85deed3839fad5d373f7d0') in 0.005774 seconds
  Import took 0.009262 seconds .

========================================================================
Received Import Request.
  Time since last request: 0.018791 seconds.
  path: Assets/Prefabs/bullet impact effect.prefab
  artifactKey: Guid(66f509ee2bf101d41a148e1ccaf0f906) Importer(815301076,1909f56bfc062723c751e8b465ee728b)
Start importing Assets/Prefabs/bullet impact effect.prefab using Guid(66f509ee2bf101d41a148e1ccaf0f906) Importer(815301076,1909f56bfc062723c751e8b465ee728b)  -> (artifact id: '8e24bc4b8f85deed3839fad5d373f7d0') in 0.007319 seconds
  Import took 0.010472 seconds .

========================================================================
Received Import Request.
  Time since last request: 14.822135 seconds.
  path: Assets/Prefabs/bullet impact effect.prefab
  artifactKey: Guid(66f509ee2bf101d41a148e1ccaf0f906) Importer(815301076,1909f56bfc062723c751e8b465ee728b)
Start importing Assets/Prefabs/bullet impact effect.prefab using Guid(66f509ee2bf101d41a148e1ccaf0f906) Importer(815301076,1909f56bfc062723c751e8b465ee728b)  -> (artifact id: '7a5b00bf7f2da19f5ae7933adfb43410') in 0.007944 seconds
  Import took 0.012356 seconds .

========================================================================
Received Import Request.
  Time since last request: 0.008447 seconds.
  path: Assets/Prefabs/bullet impact effect.prefab
  artifactKey: Guid(66f509ee2bf101d41a148e1ccaf0f906) Importer(815301076,1909f56bfc062723c751e8b465ee728b)
Start importing Assets/Prefabs/bullet impact effect.prefab using Guid(66f509ee2bf101d41a148e1ccaf0f906) Importer(815301076,1909f56bfc062723c751e8b465ee728b)  -> (artifact id: '7a5b00bf7f2da19f5ae7933adfb43410') in 0.008877 seconds
  Import took 0.012078 seconds .

========================================================================
Received Prepare
Registering precompiled user dll's ...
Registered in 0.000596 seconds.
Begin MonoManager ReloadAssembly
Native extension for WindowsStandalone target not found
Refreshing native plugins compatible for Editor in 0.47 ms, found 0 plugins.
Preloading 0 native plugins for Editor in 0.00 ms.
Invoked RoslynAnalysisRunner static constructor.
RoslynAnalysisRunner will not be running.
RoslynAnalysisRunner has terminated.
Mono: successfully reloaded assembly
- Completed reload, in  1.005 seconds
Platform modules already initialized, skipping
Refreshing native plugins compatible for Editor in 0.28 ms, found 0 plugins.
Preloading 0 native plugins for Editor in 0.00 ms.
Unloading 1102 Unused Serialized files (Serialized files now loaded: 0)
System memory in use before: 131.6 MB.
System memory in use after: 131.7 MB.

Unloading 5 unused Assets to reduce memory usage. Loaded Objects now: 1613.
Total: 3.429700 ms (FindLiveObjects: 0.342400 ms CreateObjectMapping: 0.083800 ms MarkObjects: 2.952800 ms  DeleteObjects: 0.048700 ms)

========================================================================
Received Import Request.
  Time since last request: 5.680666 seconds.
  path: Assets/Prefabs/bullet impact effect.prefab
  artifactKey: Guid(66f509ee2bf101d41a148e1ccaf0f906) Importer(815301076,1909f56bfc062723c751e8b465ee728b)
Start importing Assets/Prefabs/bullet impact effect.prefab using Guid(66f509ee2bf101d41a148e1ccaf0f906) Importer(815301076,1909f56bfc062723c751e8b465ee728b)  -> (artifact id: 'd7ce78510f39c2ee73a9222e824a82c4') in 0.037957 seconds
  Import took 0.043021 seconds .

========================================================================
Received Import Request.
  Time since last request: 9.416139 seconds.
  path: Assets/Prefabs/bullet impact effect.prefab
  artifactKey: Guid(66f509ee2bf101d41a148e1ccaf0f906) Importer(815301076,1909f56bfc062723c751e8b465ee728b)
Start importing Assets/Prefabs/bullet impact effect.prefab using Guid(66f509ee2bf101d41a148e1ccaf0f906) Importer(815301076,1909f56bfc062723c751e8b465ee728b)  -> (artifact id: 'cf06c08c513033c94826d17879fa3397') in 0.005171 seconds
  Import took 0.008723 seconds .

========================================================================
Received Import Request.
  Time since last request: 0.009426 seconds.
  path: Assets/Prefabs/bullet impact effect.prefab
  artifactKey: Guid(66f509ee2bf101d41a148e1ccaf0f906) Importer(815301076,1909f56bfc062723c751e8b465ee728b)
Start importing Assets/Prefabs/bullet impact effect.prefab using Guid(66f509ee2bf101d41a148e1ccaf0f906) Importer(815301076,1909f56bfc062723c751e8b465ee728b)  -> (artifact id: 'cf06c08c513033c94826d17879fa3397') in 0.007697 seconds
  Import took 0.011570 seconds .

========================================================================
Received Prepare
Registering precompiled user dll's ...
Registered in 0.000618 seconds.
Begin MonoManager ReloadAssembly
Native extension for WindowsStandalone target not found
Refreshing native plugins compatible for Editor in 0.30 ms, found 0 plugins.
Preloading 0 native plugins for Editor in 0.00 ms.
Invoked RoslynAnalysisRunner static constructor.
RoslynAnalysisRunner will not be running.
RoslynAnalysisRunner has terminated.
Mono: successfully reloaded assembly
- Completed reload, in  0.982 seconds
Platform modules already initialized, skipping
Refreshing native plugins compatible for Editor in 0.29 ms, found 0 plugins.
Preloading 0 native plugins for Editor in 0.00 ms.
Unloading 1102 Unused Serialized files (Serialized files now loaded: 0)
System memory in use before: 131.6 MB.
System memory in use after: 131.7 MB.

Unloading 5 unused Assets to reduce memory usage. Loaded Objects now: 1615.
Total: 2.101500 ms (FindLiveObjects: 0.167900 ms CreateObjectMapping: 0.048200 ms MarkObjects: 1.785400 ms  DeleteObjects: 0.097600 ms)

========================================================================
Received Import Request.
  Time since last request: 17.070199 seconds.
  path: Assets/Prefabs/bullet impact effect.prefab
  artifactKey: Guid(66f509ee2bf101d41a148e1ccaf0f906) Importer(815301076,1909f56bfc062723c751e8b465ee728b)
Start importing Assets/Prefabs/bullet impact effect.prefab using Guid(66f509ee2bf101d41a148e1ccaf0f906) Importer(815301076,1909f56bfc062723c751e8b465ee728b)  -> (artifact id: 'f9b1f6a01f591619b6999f90ecd9f0ca') in 0.039327 seconds
  Import took 0.044421 seconds .

========================================================================
Received Prepare
Registering precompiled user dll's ...
Registered in 0.001111 seconds.
Begin MonoManager ReloadAssembly
Native extension for WindowsStandalone target not found
Refreshing native plugins compatible for Editor in 0.32 ms, found 0 plugins.
Preloading 0 native plugins for Editor in 0.00 ms.
Invoked RoslynAnalysisRunner static constructor.
RoslynAnalysisRunner will not be running.
RoslynAnalysisRunner has terminated.
Mono: successfully reloaded assembly
- Completed reload, in  1.250 seconds
Platform modules already initialized, skipping
Refreshing native plugins compatible for Editor in 0.44 ms, found 0 plugins.
Preloading 0 native plugins for Editor in 0.00 ms.
Unloading 1102 Unused Serialized files (Serialized files now loaded: 0)
System memory in use before: 131.7 MB.
System memory in use after: 131.7 MB.

Unloading 5 unused Assets to reduce memory usage. Loaded Objects now: 1617.
Total: 4.159500 ms (FindLiveObjects: 0.465000 ms CreateObjectMapping: 0.156700 ms MarkObjects: 3.356200 ms  DeleteObjects: 0.178900 ms)

========================================================================
Received Prepare
Registering precompiled user dll's ...
Registered in 0.000544 seconds.
Begin MonoManager ReloadAssembly
Native extension for WindowsStandalone target not found
Refreshing native plugins compatible for Editor in 0.45 ms, found 0 plugins.
Preloading 0 native plugins for Editor in 0.00 ms.
Invoked RoslynAnalysisRunner static constructor.
RoslynAnalysisRunner will not be running.
RoslynAnalysisRunner has terminated.
Mono: successfully reloaded assembly
- Completed reload, in  1.002 seconds
Platform modules already initialized, skipping
Refreshing native plugins compatible for Editor in 0.27 ms, found 0 plugins.
Preloading 0 native plugins for Editor in 0.00 ms.
Unloading 1102 Unused Serialized files (Serialized files now loaded: 0)
System memory in use before: 131.7 MB.
System memory in use after: 131.7 MB.

Unloading 5 unused Assets to reduce memory usage. Loaded Objects now: 1619.
Total: 2.340400 ms (FindLiveObjects: 0.277100 ms CreateObjectMapping: 0.050000 ms MarkObjects: 1.939600 ms  DeleteObjects: 0.072400 ms)

========================================================================
Received Import Request.
  Time since last request: 1383.746166 seconds.
  path: Assets/Prefabs/bullet impact effect.prefab
  artifactKey: Guid(66f509ee2bf101d41a148e1ccaf0f906) Importer(815301076,1909f56bfc062723c751e8b465ee728b)
Start importing Assets/Prefabs/bullet impact effect.prefab using Guid(66f509ee2bf101d41a148e1ccaf0f906) Importer(815301076,1909f56bfc062723c751e8b465ee728b)  -> (artifact id: '765b3b35c217b81e805a360fe47d6fde') in 0.041743 seconds
  Import took 0.046849 seconds .

========================================================================
Received Import Request.
  Time since last request: 130.008050 seconds.
  path: Assets/Prefabs/bullet impact effect.prefab
  artifactKey: Guid(66f509ee2bf101d41a148e1ccaf0f906) Importer(815301076,1909f56bfc062723c751e8b465ee728b)
Start importing Assets/Prefabs/bullet impact effect.prefab using Guid(66f509ee2bf101d41a148e1ccaf0f906) Importer(815301076,1909f56bfc062723c751e8b465ee728b)  -> (artifact id: '5e9e0c0276462e47472947060969fac7') in 0.012619 seconds
  Import took 0.016794 seconds .

========================================================================
Received Import Request.
  Time since last request: 0.014447 seconds.
  path: Assets/Prefabs/bullet impact effect.prefab
  artifactKey: Guid(66f509ee2bf101d41a148e1ccaf0f906) Importer(815301076,1909f56bfc062723c751e8b465ee728b)
Start importing Assets/Prefabs/bullet impact effect.prefab using Guid(66f509ee2bf101d41a148e1ccaf0f906) Importer(815301076,1909f56bfc062723c751e8b465ee728b)  -> (artifact id: '5e9e0c0276462e47472947060969fac7') in 0.008420 seconds
  Import took 0.012256 seconds .

========================================================================
Received Prepare
Registering precompiled user dll's ...
Registered in 0.000596 seconds.
Begin MonoManager ReloadAssembly
Native extension for WindowsStandalone target not found
Refreshing native plugins compatible for Editor in 0.18 ms, found 0 plugins.
Preloading 0 native plugins for Editor in 0.00 ms.
Invoked RoslynAnalysisRunner static constructor.
RoslynAnalysisRunner will not be running.
RoslynAnalysisRunner has terminated.
Mono: successfully reloaded assembly
- Completed reload, in  0.941 seconds
Platform modules already initialized, skipping
Refreshing native plugins compatible for Editor in 0.64 ms, found 0 plugins.
Preloading 0 native plugins for Editor in 0.00 ms.
Unloading 1102 Unused Serialized files (Serialized files now loaded: 0)
System memory in use before: 131.7 MB.
System memory in use after: 131.7 MB.

Unloading 5 unused Assets to reduce memory usage. Loaded Objects now: 1621.
Total: 2.247200 ms (FindLiveObjects: 0.199500 ms CreateObjectMapping: 0.061800 ms MarkObjects: 1.918000 ms  DeleteObjects: 0.066400 ms)

========================================================================
Received Import Request.
  Time since last request: 7.287168 seconds.
  path: Assets/Prefabs/bullet impact effect.prefab
  artifactKey: Guid(66f509ee2bf101d41a148e1ccaf0f906) Importer(815301076,1909f56bfc062723c751e8b465ee728b)
Start importing Assets/Prefabs/bullet impact effect.prefab using Guid(66f509ee2bf101d41a148e1ccaf0f906) Importer(815301076,1909f56bfc062723c751e8b465ee728b)  -> (artifact id: 'fa70400454b201c82775d25733e47fbe') in 0.038451 seconds
  Import took 0.044633 seconds .

========================================================================
Received Import Request.
  Time since last request: 20.506314 seconds.
  path: Assets/Prefabs/bullet impact effect.prefab
  artifactKey: Guid(66f509ee2bf101d41a148e1ccaf0f906) Importer(815301076,1909f56bfc062723c751e8b465ee728b)
Start importing Assets/Prefabs/bullet impact effect.prefab using Guid(66f509ee2bf101d41a148e1ccaf0f906) Importer(815301076,1909f56bfc062723c751e8b465ee728b)  -> (artifact id: '1191154ee2686a1de197636674ca385e') in 0.005009 seconds
  Import took 0.009272 seconds .

========================================================================
Received Import Request.
  Time since last request: 0.011998 seconds.
  path: Assets/Prefabs/bullet impact effect.prefab
  artifactKey: Guid(66f509ee2bf101d41a148e1ccaf0f906) Importer(815301076,1909f56bfc062723c751e8b465ee728b)
Start importing Assets/Prefabs/bullet impact effect.prefab using Guid(66f509ee2bf101d41a148e1ccaf0f906) Importer(815301076,1909f56bfc062723c751e8b465ee728b)  -> (artifact id: '1191154ee2686a1de197636674ca385e') in 0.006866 seconds
  Import took 0.009541 seconds .

========================================================================
Received Import Request.
  Time since last request: 32.527484 seconds.
  path: Assets/Prefabs/bullet impact effect.prefab
  artifactKey: Guid(66f509ee2bf101d41a148e1ccaf0f906) Importer(815301076,1909f56bfc062723c751e8b465ee728b)
Start importing Assets/Prefabs/bullet impact effect.prefab using Guid(66f509ee2bf101d41a148e1ccaf0f906) Importer(815301076,1909f56bfc062723c751e8b465ee728b)  -> (artifact id: '490419adeca25e8d13474aa66c8efda7') in 0.005289 seconds
  Import took 0.007912 seconds .

========================================================================
Received Import Request.
  Time since last request: 0.013880 seconds.
  path: Assets/Prefabs/bullet impact effect.prefab
  artifactKey: Guid(66f509ee2bf101d41a148e1ccaf0f906) Importer(815301076,1909f56bfc062723c751e8b465ee728b)
Start importing Assets/Prefabs/bullet impact effect.prefab using Guid(66f509ee2bf101d41a148e1ccaf0f906) Importer(815301076,1909f56bfc062723c751e8b465ee728b)  -> (artifact id: '490419adeca25e8d13474aa66c8efda7') in 0.005652 seconds
  Import took 0.008247 seconds .

========================================================================
Received Import Request.
  Time since last request: 1.372003 seconds.
  path: Assets/Prefabs/bullet impact effect.prefab
  artifactKey: Guid(66f509ee2bf101d41a148e1ccaf0f906) Importer(815301076,1909f56bfc062723c751e8b465ee728b)
Start importing Assets/Prefabs/bullet impact effect.prefab using Guid(66f509ee2bf101d41a148e1ccaf0f906) Importer(815301076,1909f56bfc062723c751e8b465ee728b)  -> (artifact id: '3e5189b3a9ab8bb0323b3ed4bd813c40') in 0.005151 seconds
  Import took 0.008555 seconds .

========================================================================
Received Import Request.
  Time since last request: 0.015802 seconds.
  path: Assets/Prefabs/bullet impact effect.prefab
  artifactKey: Guid(66f509ee2bf101d41a148e1ccaf0f906) Importer(815301076,1909f56bfc062723c751e8b465ee728b)
Start importing Assets/Prefabs/bullet impact effect.prefab using Guid(66f509ee2bf101d41a148e1ccaf0f906) Importer(815301076,1909f56bfc062723c751e8b465ee728b)  -> (artifact id: '3e5189b3a9ab8bb0323b3ed4bd813c40') in 0.007890 seconds
  Import took 0.011446 seconds .

========================================================================
Received Prepare
Registering precompiled user dll's ...
Registered in 0.000728 seconds.
Begin MonoManager ReloadAssembly
Native extension for WindowsStandalone target not found
Refreshing native plugins compatible for Editor in 0.29 ms, found 0 plugins.
Preloading 0 native plugins for Editor in 0.00 ms.
Invoked RoslynAnalysisRunner static constructor.
RoslynAnalysisRunner will not be running.
RoslynAnalysisRunner has terminated.
Mono: successfully reloaded assembly
- Completed reload, in  1.155 seconds
Platform modules already initialized, skipping
Refreshing native plugins compatible for Editor in 0.25 ms, found 0 plugins.
Preloading 0 native plugins for Editor in 0.00 ms.
Unloading 1102 Unused Serialized files (Serialized files now loaded: 0)
System memory in use before: 131.7 MB.
System memory in use after: 131.7 MB.

Unloading 5 unused Assets to reduce memory usage. Loaded Objects now: 1623.
Total: 3.323400 ms (FindLiveObjects: 0.261100 ms CreateObjectMapping: 0.067900 ms MarkObjects: 2.944500 ms  DeleteObjects: 0.048400 ms)

========================================================================
Received Import Request.
  Time since last request: 86.491073 seconds.
  path: Assets/Prefabs/bullet impact effect.prefab
  artifactKey: Guid(66f509ee2bf101d41a148e1ccaf0f906) Importer(815301076,1909f56bfc062723c751e8b465ee728b)
Start importing Assets/Prefabs/bullet impact effect.prefab using Guid(66f509ee2bf101d41a148e1ccaf0f906) Importer(815301076,1909f56bfc062723c751e8b465ee728b)  -> (artifact id: '0a214eb48626c06b6f42eccd061de5d1') in 0.038548 seconds
  Import took 0.043748 seconds .

========================================================================
Received Import Request.
  Time since last request: 30.823993 seconds.
  path: Assets/Prefabs/bullet impact effect.prefab
  artifactKey: Guid(66f509ee2bf101d41a148e1ccaf0f906) Importer(815301076,1909f56bfc062723c751e8b465ee728b)
Start importing Assets/Prefabs/bullet impact effect.prefab using Guid(66f509ee2bf101d41a148e1ccaf0f906) Importer(815301076,1909f56bfc062723c751e8b465ee728b)  -> (artifact id: '21b67cad235364e6c8d0a3005e7adc44') in 0.005731 seconds
  Import took 0.009331 seconds .

========================================================================
Received Import Request.
  Time since last request: 0.000783 seconds.
  path: Assets/Prefabs/bullet impact effect.prefab
  artifactKey: Guid(66f509ee2bf101d41a148e1ccaf0f906) Importer(815301076,1909f56bfc062723c751e8b465ee728b)
Start importing Assets/Prefabs/bullet impact effect.prefab using Guid(66f509ee2bf101d41a148e1ccaf0f906) Importer(815301076,1909f56bfc062723c751e8b465ee728b)  -> (artifact id: '21b67cad235364e6c8d0a3005e7adc44') in 0.005443 seconds
  Import took 0.008752 seconds .

========================================================================
Received Import Request.
  Time since last request: 9.800520 seconds.
  path: Assets/Prefabs/bullet impact effect.prefab
  artifactKey: Guid(66f509ee2bf101d41a148e1ccaf0f906) Importer(815301076,1909f56bfc062723c751e8b465ee728b)
Start importing Assets/Prefabs/bullet impact effect.prefab using Guid(66f509ee2bf101d41a148e1ccaf0f906) Importer(815301076,1909f56bfc062723c751e8b465ee728b)  -> (artifact id: '57f14df3b3657e73ab7ea35b74c6b893') in 0.008537 seconds
  Import took 0.013498 seconds .

========================================================================
Received Import Request.
  Time since last request: 0.029877 seconds.
  path: Assets/Prefabs/bullet impact effect.prefab
  artifactKey: Guid(66f509ee2bf101d41a148e1ccaf0f906) Importer(815301076,1909f56bfc062723c751e8b465ee728b)
Start importing Assets/Prefabs/bullet impact effect.prefab using Guid(66f509ee2bf101d41a148e1ccaf0f906) Importer(815301076,1909f56bfc062723c751e8b465ee728b)  -> (artifact id: '57f14df3b3657e73ab7ea35b74c6b893') in 0.012176 seconds
  Import took 0.017095 seconds .

========================================================================
Received Prepare
Registering precompiled user dll's ...
Registered in 0.000711 seconds.
Begin MonoManager ReloadAssembly
Native extension for WindowsStandalone target not found
Refreshing native plugins compatible for Editor in 0.33 ms, found 0 plugins.
Preloading 0 native plugins for Editor in 0.00 ms.
Invoked RoslynAnalysisRunner static constructor.
RoslynAnalysisRunner will not be running.
RoslynAnalysisRunner has terminated.
Mono: successfully reloaded assembly
- Completed reload, in  0.954 seconds
Platform modules already initialized, skipping
Refreshing native plugins compatible for Editor in 1.16 ms, found 0 plugins.
Preloading 0 native plugins for Editor in 0.00 ms.
Unloading 1102 Unused Serialized files (Serialized files now loaded: 0)
System memory in use before: 131.7 MB.
System memory in use after: 131.8 MB.

Unloading 5 unused Assets to reduce memory usage. Loaded Objects now: 1625.
Total: 3.781800 ms (FindLiveObjects: 0.359900 ms CreateObjectMapping: 0.072300 ms MarkObjects: 3.133500 ms  DeleteObjects: 0.213100 ms)

========================================================================
Received Import Request.
  Time since last request: 7.744734 seconds.
  path: Assets/Prefabs/bullet impact effect.prefab
  artifactKey: Guid(66f509ee2bf101d41a148e1ccaf0f906) Importer(815301076,1909f56bfc062723c751e8b465ee728b)
Start importing Assets/Prefabs/bullet impact effect.prefab using Guid(66f509ee2bf101d41a148e1ccaf0f906) Importer(815301076,1909f56bfc062723c751e8b465ee728b)  -> (artifact id: 'ad1b613c46a133a011548ef3400a657d') in 0.044664 seconds
  Import took 0.049434 seconds .

========================================================================
Received Import Request.
  Time since last request: 33.997675 seconds.
  path: Assets/Prefabs/bullet impact effect.prefab
  artifactKey: Guid(66f509ee2bf101d41a148e1ccaf0f906) Importer(815301076,1909f56bfc062723c751e8b465ee728b)
Start importing Assets/Prefabs/bullet impact effect.prefab using Guid(66f509ee2bf101d41a148e1ccaf0f906) Importer(815301076,1909f56bfc062723c751e8b465ee728b)  -> (artifact id: '9e51aa8cf64ba7ec456ef60cbe0739c0') in 0.006019 seconds
  Import took 0.009772 seconds .

========================================================================
Received Import Request.
  Time since last request: 0.011754 seconds.
  path: Assets/Prefabs/bullet impact effect.prefab
  artifactKey: Guid(66f509ee2bf101d41a148e1ccaf0f906) Importer(815301076,1909f56bfc062723c751e8b465ee728b)
Start importing Assets/Prefabs/bullet impact effect.prefab using Guid(66f509ee2bf101d41a148e1ccaf0f906) Importer(815301076,1909f56bfc062723c751e8b465ee728b)  -> (artifact id: '9e51aa8cf64ba7ec456ef60cbe0739c0') in 0.008066 seconds
  Import took 0.011418 seconds .

========================================================================
Received Import Request.
  Time since last request: 3.401830 seconds.
  path: Assets/Prefabs/bullet impact effect.prefab
  artifactKey: Guid(66f509ee2bf101d41a148e1ccaf0f906) Importer(815301076,1909f56bfc062723c751e8b465ee728b)
Start importing Assets/Prefabs/bullet impact effect.prefab using Guid(66f509ee2bf101d41a148e1ccaf0f906) Importer(815301076,1909f56bfc062723c751e8b465ee728b)  -> (artifact id: '579eeb6a1fb9d7c8c498fe0a0cc0b89f') in 0.005067 seconds
  Import took 0.007997 seconds .

========================================================================
Received Import Request.
  Time since last request: 0.014458 seconds.
  path: Assets/Prefabs/bullet impact effect.prefab
  artifactKey: Guid(66f509ee2bf101d41a148e1ccaf0f906) Importer(815301076,1909f56bfc062723c751e8b465ee728b)
Start importing Assets/Prefabs/bullet impact effect.prefab using Guid(66f509ee2bf101d41a148e1ccaf0f906) Importer(815301076,1909f56bfc062723c751e8b465ee728b)  -> (artifact id: '579eeb6a1fb9d7c8c498fe0a0cc0b89f') in 0.008500 seconds
  Import took 0.012780 seconds .

========================================================================
Received Import Request.
  Time since last request: 51.619803 seconds.
  path: Assets/Prefabs/bullet impact effect.prefab
  artifactKey: Guid(66f509ee2bf101d41a148e1ccaf0f906) Importer(815301076,1909f56bfc062723c751e8b465ee728b)
Start importing Assets/Prefabs/bullet impact effect.prefab using Guid(66f509ee2bf101d41a148e1ccaf0f906) Importer(815301076,1909f56bfc062723c751e8b465ee728b)  -> (artifact id: '48d0eda9661c8638c0371b9b591dad8f') in 0.006451 seconds
  Import took 0.009496 seconds .

========================================================================
Received Import Request.
  Time since last request: 0.012058 seconds.
  path: Assets/Prefabs/bullet impact effect.prefab
  artifactKey: Guid(66f509ee2bf101d41a148e1ccaf0f906) Importer(815301076,1909f56bfc062723c751e8b465ee728b)
Start importing Assets/Prefabs/bullet impact effect.prefab using Guid(66f509ee2bf101d41a148e1ccaf0f906) Importer(815301076,1909f56bfc062723c751e8b465ee728b)  -> (artifact id: '48d0eda9661c8638c0371b9b591dad8f') in 0.008605 seconds
  Import took 0.012227 seconds .

========================================================================
Received Prepare
Registering precompiled user dll's ...
Registered in 0.000580 seconds.
Begin MonoManager ReloadAssembly
Native extension for WindowsStandalone target not found
Refreshing native plugins compatible for Editor in 0.19 ms, found 0 plugins.
Preloading 0 native plugins for Editor in 0.00 ms.
Invoked RoslynAnalysisRunner static constructor.
RoslynAnalysisRunner will not be running.
RoslynAnalysisRunner has terminated.
Mono: successfully reloaded assembly
- Completed reload, in  0.972 seconds
Platform modules already initialized, skipping
Refreshing native plugins compatible for Editor in 0.23 ms, found 0 plugins.
Preloading 0 native plugins for Editor in 0.00 ms.
Unloading 1102 Unused Serialized files (Serialized files now loaded: 0)
System memory in use before: 131.7 MB.
System memory in use after: 131.8 MB.

Unloading 5 unused Assets to reduce memory usage. Loaded Objects now: 1627.
Total: 3.068200 ms (FindLiveObjects: 0.431700 ms CreateObjectMapping: 0.164900 ms MarkObjects: 2.395700 ms  DeleteObjects: 0.074100 ms)

========================================================================
Received Import Request.
  Time since last request: 425.327976 seconds.
  path: Assets/Prefabs/bullet impact effect.prefab
  artifactKey: Guid(66f509ee2bf101d41a148e1ccaf0f906) Importer(815301076,1909f56bfc062723c751e8b465ee728b)
Start importing Assets/Prefabs/bullet impact effect.prefab using Guid(66f509ee2bf101d41a148e1ccaf0f906) Importer(815301076,1909f56bfc062723c751e8b465ee728b)  -> (artifact id: 'c76ef8fce38d74dbf327ec3f244a02ff') in 0.047884 seconds
  Import took 0.052176 seconds .

========================================================================
Received Import Request.
  Time since last request: 470.883116 seconds.
  path: Assets/material/LaserImpact.mat
  artifactKey: Guid(76839017736ba7042bcd17e3f2af0313) Importer(815301076,1909f56bfc062723c751e8b465ee728b)
Start importing Assets/material/LaserImpact.mat using Guid(76839017736ba7042bcd17e3f2af0313) Importer(815301076,1909f56bfc062723c751e8b465ee728b)  -> (artifact id: 'ddbb154638b1e7cec60dab21abff9467') in 0.094162 seconds
  Import took 0.099252 seconds .

========================================================================
Received Import Request.
  Time since last request: 45.425164 seconds.
  path: Assets/material/LaserImpact.mat
  artifactKey: Guid(76839017736ba7042bcd17e3f2af0313) Importer(815301076,1909f56bfc062723c751e8b465ee728b)
Start importing Assets/material/LaserImpact.mat using Guid(76839017736ba7042bcd17e3f2af0313) Importer(815301076,1909f56bfc062723c751e8b465ee728b)  -> (artifact id: 'abe79b03d8f7cf8305c3bd15aaf0af41') in 0.026022 seconds
  Import took 0.032019 seconds .

AssetImportWorkerClient::OnTransportError - code=2 error=End of file
